{"/home/travis/build/npmtest/node-npmtest-dot-object/test.js":{"path":"/home/travis/build/npmtest/node-npmtest-dot-object/test.js","s":{"1":2,"2":2,"3":2,"4":2,"5":2,"6":2,"7":2,"8":1,"9":2,"10":2,"11":1,"12":1,"13":1,"14":1,"15":2,"16":2,"17":2,"18":2,"19":1,"20":1,"21":2,"22":2,"23":2,"24":1,"25":1,"26":1,"27":1,"28":1,"29":1,"30":1,"31":1,"32":1,"33":1,"34":1,"35":1,"36":1,"37":1,"38":1,"39":2,"40":2,"41":1,"42":2,"43":2,"44":1,"45":2,"46":2,"47":1,"48":2,"49":2,"50":1,"51":1,"52":1,"53":1,"54":1},"b":{"1":[2,1,1,1],"2":[1,1,1,1],"3":[1,1],"4":[1,1],"5":[1,1],"6":[1,1],"7":[1,1],"8":[1,1],"9":[1,1],"10":[1,1,1],"11":[1,1],"12":[1,1],"13":[1,1],"14":[1,1],"15":[1,1],"16":[1,1],"17":[1,1]},"f":{"1":2,"2":2,"3":2,"4":2,"5":2,"6":1,"7":1,"8":1,"9":2,"10":2,"11":2,"12":2,"13":1},"fnMap":{"1":{"name":"(anonymous_1)","line":12,"loc":{"start":{"line":12,"column":1},"end":{"line":12,"column":13}}},"2":{"name":"(anonymous_2)","line":19,"loc":{"start":{"line":19,"column":5},"end":{"line":19,"column":17}}},"3":{"name":"(anonymous_3)","line":23,"loc":{"start":{"line":23,"column":24},"end":{"line":23,"column":36}}},"4":{"name":"(anonymous_4)","line":61,"loc":{"start":{"line":61,"column":5},"end":{"line":61,"column":17}}},"5":{"name":"(anonymous_5)","line":82,"loc":{"start":{"line":82,"column":5},"end":{"line":82,"column":17}}},"6":{"name":"(anonymous_6)","line":91,"loc":{"start":{"line":91,"column":77},"end":{"line":94,"column":10}}},"7":{"name":"(anonymous_7)","line":112,"loc":{"start":{"line":112,"column":83},"end":{"line":115,"column":10}},"skip":true},"8":{"name":"(anonymous_8)","line":123,"loc":{"start":{"line":123,"column":77},"end":{"line":126,"column":10}},"skip":true},"9":{"name":"(anonymous_9)","line":139,"loc":{"start":{"line":139,"column":12},"end":{"line":139,"column":40}},"skip":true},"10":{"name":"(anonymous_10)","line":147,"loc":{"start":{"line":147,"column":77},"end":{"line":150,"column":10}},"skip":true},"11":{"name":"(anonymous_11)","line":158,"loc":{"start":{"line":158,"column":83},"end":{"line":161,"column":10}},"skip":true},"12":{"name":"(anonymous_12)","line":169,"loc":{"start":{"line":169,"column":79},"end":{"line":172,"column":10}},"skip":true},"13":{"name":"(anonymous_13)","line":180,"loc":{"start":{"line":180,"column":75},"end":{"line":183,"column":10}},"skip":true}},"statementMap":{"1":{"start":{"line":12,"column":0},"end":{"line":195,"column":5}},"2":{"start":{"line":14,"column":4},"end":{"line":14,"column":14}},"3":{"start":{"line":19,"column":4},"end":{"line":56,"column":9}},"4":{"start":{"line":21,"column":8},"end":{"line":21,"column":19}},"5":{"start":{"line":23,"column":8},"end":{"line":35,"column":13}},"6":{"start":{"line":24,"column":12},"end":{"line":34,"column":13}},"7":{"start":{"line":25,"column":16},"end":{"line":28,"column":30}},"8":{"start":{"line":30,"column":16},"end":{"line":33,"column":27}},"9":{"start":{"line":37,"column":8},"end":{"line":39,"column":21}},"10":{"start":{"line":40,"column":8},"end":{"line":53,"column":9}},"11":{"start":{"line":43,"column":12},"end":{"line":46,"column":14}},"12":{"start":{"line":47,"column":12},"end":{"line":47,"column":18}},"13":{"start":{"line":50,"column":12},"end":{"line":51,"column":46}},"14":{"start":{"line":52,"column":12},"end":{"line":52,"column":18}},"15":{"start":{"line":55,"column":8},"end":{"line":55,"column":35}},"16":{"start":{"line":61,"column":4},"end":{"line":63,"column":9}},"17":{"start":{"line":62,"column":8},"end":{"line":62,"column":15}},"18":{"start":{"line":64,"column":4},"end":{"line":77,"column":5}},"19":{"start":{"line":70,"column":8},"end":{"line":70,"column":14}},"20":{"start":{"line":76,"column":8},"end":{"line":76,"column":14}},"21":{"start":{"line":82,"column":4},"end":{"line":84,"column":9}},"22":{"start":{"line":83,"column":8},"end":{"line":83,"column":15}},"23":{"start":{"line":85,"column":4},"end":{"line":194,"column":5}},"24":{"start":{"line":91,"column":8},"end":{"line":99,"column":10}},"25":{"start":{"line":98,"column":12},"end":{"line":98,"column":35}},"26":{"start":{"line":102,"column":8},"end":{"line":104,"column":63}},"27":{"start":{"line":105,"column":8},"end":{"line":105,"column":14}},"28":{"start":{"line":112,"column":8},"end":{"line":121,"column":10},"skip":true},"29":{"start":{"line":119,"column":12},"end":{"line":119,"column":55},"skip":true},"30":{"start":{"line":120,"column":12},"end":{"line":120,"column":48},"skip":true},"31":{"start":{"line":123,"column":8},"end":{"line":136,"column":10},"skip":true},"32":{"start":{"line":130,"column":12},"end":{"line":130,"column":76},"skip":true},"33":{"start":{"line":131,"column":12},"end":{"line":131,"column":73},"skip":true},"34":{"start":{"line":132,"column":12},"end":{"line":132,"column":74},"skip":true},"35":{"start":{"line":133,"column":12},"end":{"line":133,"column":79},"skip":true},"36":{"start":{"line":134,"column":12},"end":{"line":134,"column":25},"skip":true},"37":{"start":{"line":135,"column":12},"end":{"line":135,"column":45},"skip":true},"38":{"start":{"line":138,"column":8},"end":{"line":145,"column":14},"skip":true},"39":{"start":{"line":143,"column":16},"end":{"line":143,"column":29},"skip":true},"40":{"start":{"line":144,"column":16},"end":{"line":144,"column":55},"skip":true},"41":{"start":{"line":147,"column":8},"end":{"line":156,"column":10},"skip":true},"42":{"start":{"line":154,"column":12},"end":{"line":154,"column":25},"skip":true},"43":{"start":{"line":155,"column":12},"end":{"line":155,"column":45},"skip":true},"44":{"start":{"line":158,"column":8},"end":{"line":167,"column":10},"skip":true},"45":{"start":{"line":165,"column":12},"end":{"line":165,"column":25},"skip":true},"46":{"start":{"line":166,"column":12},"end":{"line":166,"column":48},"skip":true},"47":{"start":{"line":169,"column":8},"end":{"line":178,"column":10},"skip":true},"48":{"start":{"line":176,"column":12},"end":{"line":176,"column":25},"skip":true},"49":{"start":{"line":177,"column":12},"end":{"line":177,"column":46},"skip":true},"50":{"start":{"line":180,"column":8},"end":{"line":189,"column":10},"skip":true},"51":{"start":{"line":187,"column":12},"end":{"line":187,"column":94},"skip":true},"52":{"start":{"line":188,"column":12},"end":{"line":188,"column":48},"skip":true},"53":{"start":{"line":192,"column":8},"end":{"line":192,"column":35},"skip":true},"54":{"start":{"line":193,"column":8},"end":{"line":193,"column":14},"skip":true}},"branchMap":{"1":{"line":25,"type":"binary-expr","locations":[{"start":{"line":25,"column":23},"end":{"line":25,"column":62}},{"start":{"line":26,"column":20},"end":{"line":26,"column":70}},{"start":{"line":27,"column":20},"end":{"line":27,"column":71}},{"start":{"line":28,"column":20},"end":{"line":28,"column":29}}]},"2":{"line":30,"type":"binary-expr","locations":[{"start":{"line":30,"column":23},"end":{"line":30,"column":37}},{"start":{"line":31,"column":20},"end":{"line":31,"column":61}},{"start":{"line":32,"column":20},"end":{"line":32,"column":70}},{"start":{"line":33,"column":20},"end":{"line":33,"column":26}}]},"3":{"line":37,"type":"cond-expr","locations":[{"start":{"line":38,"column":14},"end":{"line":38,"column":20}},{"start":{"line":39,"column":14},"end":{"line":39,"column":20}}]},"4":{"line":40,"type":"switch","locations":[{"start":{"line":42,"column":8},"end":{"line":47,"column":18}},{"start":{"line":49,"column":8},"end":{"line":52,"column":18}}]},"5":{"line":44,"type":"binary-expr","locations":[{"start":{"line":44,"column":16},"end":{"line":44,"column":44}},{"start":{"line":44,"column":48},"end":{"line":44,"column":66}}]},"6":{"line":50,"type":"binary-expr","locations":[{"start":{"line":50,"column":21},"end":{"line":50,"column":49}},{"start":{"line":50,"column":53},"end":{"line":50,"column":72}}]},"7":{"line":64,"type":"switch","locations":[{"start":{"line":69,"column":4},"end":{"line":70,"column":14}},{"start":{"line":75,"column":4},"end":{"line":76,"column":14}}]},"8":{"line":85,"type":"switch","locations":[{"start":{"line":90,"column":4},"end":{"line":105,"column":14}},{"start":{"line":111,"column":4},"end":{"line":193,"column":14},"skip":true}]},"9":{"line":91,"type":"binary-expr","locations":[{"start":{"line":91,"column":42},"end":{"line":91,"column":73}},{"start":{"line":91,"column":77},"end":{"line":99,"column":9}}]},"10":{"line":102,"type":"binary-expr","locations":[{"start":{"line":102,"column":18},"end":{"line":102,"column":32}},{"start":{"line":103,"column":12},"end":{"line":103,"column":53}},{"start":{"line":104,"column":12},"end":{"line":104,"column":61}}]},"11":{"line":112,"type":"binary-expr","locations":[{"start":{"line":112,"column":45},"end":{"line":112,"column":79},"skip":true},{"start":{"line":112,"column":83},"end":{"line":121,"column":9},"skip":true}]},"12":{"line":123,"type":"binary-expr","locations":[{"start":{"line":123,"column":42},"end":{"line":123,"column":73},"skip":true},{"start":{"line":123,"column":77},"end":{"line":136,"column":9},"skip":true}]},"13":{"line":138,"type":"binary-expr","locations":[{"start":{"line":138,"column":48},"end":{"line":138,"column":85},"skip":true},{"start":{"line":139,"column":12},"end":{"line":145,"column":13},"skip":true}]},"14":{"line":147,"type":"binary-expr","locations":[{"start":{"line":147,"column":42},"end":{"line":147,"column":73},"skip":true},{"start":{"line":147,"column":77},"end":{"line":156,"column":9},"skip":true}]},"15":{"line":158,"type":"binary-expr","locations":[{"start":{"line":158,"column":45},"end":{"line":158,"column":79},"skip":true},{"start":{"line":158,"column":83},"end":{"line":167,"column":9},"skip":true}]},"16":{"line":169,"type":"binary-expr","locations":[{"start":{"line":169,"column":43},"end":{"line":169,"column":75},"skip":true},{"start":{"line":169,"column":79},"end":{"line":178,"column":9},"skip":true}]},"17":{"line":180,"type":"binary-expr","locations":[{"start":{"line":180,"column":41},"end":{"line":180,"column":71},"skip":true},{"start":{"line":180,"column":75},"end":{"line":189,"column":9},"skip":true}]}},"code":["/* istanbul instrument in package npmtest_dot_object */","/*jslint","    bitwise: true,","    browser: true,","    maxerr: 8,","    maxlen: 96,","    node: true,","    nomen: true,","    regexp: true,","    stupid: true","*/","(function () {","    'use strict';","    var local;","","","","    // run shared js-env code - pre-init","    (function () {","        // init local","        local = {};","        // init modeJs","        local.modeJs = (function () {","            try {","                return typeof navigator.userAgent === 'string' &&","                    typeof document.querySelector('body') === 'object' &&","                    typeof XMLHttpRequest.prototype.open === 'function' &&","                    'browser';","            } catch (errorCaughtBrowser) {","                return module.exports &&","                    typeof process.versions.node === 'string' &&","                    typeof require('http').createServer === 'function' &&","                    'node';","            }","        }());","        // init global","        local.global = local.modeJs === 'browser'","            ? window","            : global;","        switch (local.modeJs) {","        // re-init local from window.local","        case 'browser':","            local = local.global.utility2.objectSetDefault(","                local.global.utility2_rollup || local.global.local,","                local.global.utility2","            );","            break;","        // re-init local from example.js","        case 'node':","            local = (local.global.utility2_rollup || require('utility2'))","                .requireExampleJsFromReadme();","            break;","        }","        // export local","        local.global.local = local;","    }());","","","","    // run shared js-env code - function","    (function () {","        return;","    }());","    switch (local.modeJs) {","","","","    // run browser js-env code - function","    case 'browser':","        break;","","","","    // run node js-env code - function","    case 'node':","        break;","    }","","","","    // run shared js-env code - post-init","    (function () {","        return;","    }());","    switch (local.modeJs) {","","","","    // run browser js-env code - post-init","    case 'browser':","        local.testCase_browser_nullCase = local.testCase_browser_nullCase || function (","            options,","            onError","        ) {","        /*","         * this function will test browsers's null-case handling-behavior-behavior","         */","            onError(null, options);","        };","","        // run tests","        local.nop(local.modeTest &&","            document.querySelector('#testRunButton1') &&","            document.querySelector('#testRunButton1').click());","        break;","","","","    // run node js-env code - post-init","    /* istanbul ignore next */","    case 'node':","        local.testCase_buildApidoc_default = local.testCase_buildApidoc_default || function (","            options,","            onError","        ) {","        /*","         * this function will test buildApidoc's default handling-behavior-behavior","         */","            options = { modulePathList: module.paths };","            local.buildApidoc(options, onError);","        };","","        local.testCase_buildApp_default = local.testCase_buildApp_default || function (","            options,","            onError","        ) {","        /*","         * this function will test buildApp's default handling-behavior-behavior","         */","            local.testCase_buildReadme_default(options, local.onErrorThrow);","            local.testCase_buildLib_default(options, local.onErrorThrow);","            local.testCase_buildTest_default(options, local.onErrorThrow);","            local.testCase_buildCustomOrg_default(options, local.onErrorThrow);","            options = [];","            local.buildApp(options, onError);","        };","","        local.testCase_buildCustomOrg_default = local.testCase_buildCustomOrg_default ||","            function (options, onError) {","            /*","             * this function will test buildCustomOrg's default handling-behavior","             */","                options = {};","                local.buildCustomOrg(options, onError);","            };","","        local.testCase_buildLib_default = local.testCase_buildLib_default || function (","            options,","            onError","        ) {","        /*","         * this function will test buildLib's default handling-behavior","         */","            options = {};","            local.buildLib(options, onError);","        };","","        local.testCase_buildReadme_default = local.testCase_buildReadme_default || function (","            options,","            onError","        ) {","        /*","         * this function will test buildReadme's default handling-behavior-behavior","         */","            options = {};","            local.buildReadme(options, onError);","        };","","        local.testCase_buildTest_default = local.testCase_buildTest_default || function (","            options,","            onError","        ) {","        /*","         * this function will test buildTest's default handling-behavior","         */","            options = {};","            local.buildTest(options, onError);","        };","","        local.testCase_webpage_default = local.testCase_webpage_default || function (","            options,","            onError","        ) {","        /*","         * this function will test webpage's default handling-behavior","         */","            options = { modeCoverageMerge: true, url: local.serverLocalHost + '?modeTest=1' };","            local.browserTest(options, onError);","        };","","        // run test-server","        local.testRunServer(local);","        break;","    }","}());",""],"l":{"12":2,"14":2,"19":2,"21":2,"23":2,"24":2,"25":2,"30":1,"37":2,"40":2,"43":1,"47":1,"50":1,"52":1,"55":2,"61":2,"62":2,"64":2,"70":1,"76":1,"82":2,"83":2,"85":2,"91":1,"98":1,"102":1,"105":1,"112":1,"119":1,"120":1,"123":1,"130":1,"131":1,"132":1,"133":1,"134":1,"135":1,"138":1,"143":2,"144":2,"147":1,"154":2,"155":2,"158":1,"165":2,"166":2,"169":1,"176":2,"177":2,"180":1,"187":1,"188":1,"192":1,"193":1}},"/home/travis/build/npmtest/node-npmtest-dot-object/lib.npmtest_dot_object.js":{"path":"/home/travis/build/npmtest/node-npmtest-dot-object/lib.npmtest_dot_object.js","s":{"1":2,"2":2,"3":2,"4":2,"5":2,"6":2,"7":2,"8":1,"9":2,"10":2,"11":2,"12":2,"13":1,"14":1,"15":1,"16":1},"b":{"1":[2,1,1,1],"2":[1,1,1,1],"3":[1,1],"4":[2,2],"5":[1,1]},"f":{"1":2,"2":2,"3":2},"fnMap":{"1":{"name":"(anonymous_1)","line":12,"loc":{"start":{"line":12,"column":1},"end":{"line":12,"column":13}}},"2":{"name":"(anonymous_2)","line":19,"loc":{"start":{"line":19,"column":5},"end":{"line":19,"column":17}}},"3":{"name":"(anonymous_3)","line":23,"loc":{"start":{"line":23,"column":24},"end":{"line":23,"column":36}}}},"statementMap":{"1":{"start":{"line":12,"column":0},"end":{"line":53,"column":5}},"2":{"start":{"line":14,"column":4},"end":{"line":14,"column":14}},"3":{"start":{"line":19,"column":4},"end":{"line":52,"column":9}},"4":{"start":{"line":21,"column":8},"end":{"line":21,"column":19}},"5":{"start":{"line":23,"column":8},"end":{"line":35,"column":13}},"6":{"start":{"line":24,"column":12},"end":{"line":34,"column":13}},"7":{"start":{"line":25,"column":16},"end":{"line":28,"column":30}},"8":{"start":{"line":30,"column":16},"end":{"line":33,"column":27}},"9":{"start":{"line":37,"column":8},"end":{"line":39,"column":21}},"10":{"start":{"line":41,"column":8},"end":{"line":41,"column":54}},"11":{"start":{"line":43,"column":8},"end":{"line":43,"column":55}},"12":{"start":{"line":45,"column":8},"end":{"line":51,"column":9}},"13":{"start":{"line":46,"column":12},"end":{"line":46,"column":61}},"14":{"start":{"line":48,"column":12},"end":{"line":48,"column":35}},"15":{"start":{"line":49,"column":12},"end":{"line":49,"column":49}},"16":{"start":{"line":50,"column":12},"end":{"line":50,"column":43}}},"branchMap":{"1":{"line":25,"type":"binary-expr","locations":[{"start":{"line":25,"column":23},"end":{"line":25,"column":62}},{"start":{"line":26,"column":20},"end":{"line":26,"column":70}},{"start":{"line":27,"column":20},"end":{"line":27,"column":71}},{"start":{"line":28,"column":20},"end":{"line":28,"column":29}}]},"2":{"line":30,"type":"binary-expr","locations":[{"start":{"line":30,"column":23},"end":{"line":30,"column":37}},{"start":{"line":31,"column":20},"end":{"line":31,"column":61}},{"start":{"line":32,"column":20},"end":{"line":32,"column":70}},{"start":{"line":33,"column":20},"end":{"line":33,"column":26}}]},"3":{"line":37,"type":"cond-expr","locations":[{"start":{"line":38,"column":14},"end":{"line":38,"column":20}},{"start":{"line":39,"column":14},"end":{"line":39,"column":20}}]},"4":{"line":41,"type":"binary-expr","locations":[{"start":{"line":41,"column":16},"end":{"line":41,"column":44}},{"start":{"line":41,"column":48},"end":{"line":41,"column":53}}]},"5":{"line":45,"type":"if","locations":[{"start":{"line":45,"column":8},"end":{"line":45,"column":8}},{"start":{"line":45,"column":8},"end":{"line":45,"column":8}}]}},"code":["/* istanbul instrument in package npmtest_dot_object */","/*jslint","    bitwise: true,","    browser: true,","    maxerr: 8,","    maxlen: 96,","    node: true,","    nomen: true,","    regexp: true,","    stupid: true","*/","(function () {","    'use strict';","    var local;","","","","    // run shared js-env code - pre-init","    (function () {","        // init local","        local = {};","        // init modeJs","        local.modeJs = (function () {","            try {","                return typeof navigator.userAgent === 'string' &&","                    typeof document.querySelector('body') === 'object' &&","                    typeof XMLHttpRequest.prototype.open === 'function' &&","                    'browser';","            } catch (errorCaughtBrowser) {","                return module.exports &&","                    typeof process.versions.node === 'string' &&","                    typeof require('http').createServer === 'function' &&","                    'node';","            }","        }());","        // init global","        local.global = local.modeJs === 'browser'","            ? window","            : global;","        // init utility2_rollup","        local = local.global.utility2_rollup || local;","        // init lib","        local.local = local.npmtest_dot_object = local;","        // init exports","        if (local.modeJs === 'browser') {","            local.global.utility2_npmtest_dot_object = local;","        } else {","            module.exports = local;","            module.exports.__dirname = __dirname;","            module.exports.module = module;","        }","    }());","}());",""],"l":{"12":2,"14":2,"19":2,"21":2,"23":2,"24":2,"25":2,"30":1,"37":2,"41":2,"43":2,"45":2,"46":1,"48":1,"49":1,"50":1}},"/home/travis/build/npmtest/node-npmtest-dot-object/example.js":{"path":"/home/travis/build/npmtest/node-npmtest-dot-object/example.js","s":{"1":2,"2":2,"3":2,"4":2,"5":2,"6":2,"7":2,"8":1,"9":2,"10":2,"11":2,"12":2,"13":1,"14":2,"15":2,"16":2,"17":2,"18":2,"19":0,"20":2,"21":1,"22":1,"23":1,"24":1,"25":1,"26":0,"27":0,"28":1,"29":1,"30":2,"31":0,"32":0,"33":0,"34":1,"35":2,"36":2,"37":3,"38":3,"39":3,"40":3,"41":0,"42":3,"43":3,"44":3,"45":1,"46":3,"47":1,"48":1,"49":1,"50":1,"51":1,"52":1,"53":1,"54":1,"55":1,"56":1,"57":0,"58":1,"59":6,"60":6,"61":1,"62":2,"63":0,"64":2,"65":1,"66":1,"67":0,"68":0,"69":0,"70":0,"71":0,"72":0,"73":0,"74":0,"75":0,"76":0,"77":0,"78":0,"79":0,"80":0,"81":0,"82":0,"83":0},"b":{"1":[2,1,1,1],"2":[1,1,1,1],"3":[1,1],"4":[2,2],"5":[1,1],"6":[1,1],"7":[2,0],"8":[2,1,1,1,1,1],"9":[0,2,0],"10":[1,1],"11":[2,1,1],"12":[1,0],"13":[0,2],"14":[2,0,0,0,0,0,0],"15":[0,3],"16":[3,0],"17":[1,1],"18":[0,1],"19":[1,2,0,2],"20":[1,0],"21":[1,1],"22":[0,0],"23":[0,0],"24":[0,0],"25":[0,0],"26":[0,0],"27":[0,0],"28":[0,0]},"f":{"1":2,"2":2,"3":2,"4":2,"5":2,"6":2,"7":3,"8":3,"9":3,"10":1,"11":6,"12":0},"fnMap":{"1":{"name":"(anonymous_1)","line":26,"loc":{"start":{"line":26,"column":1},"end":{"line":26,"column":13}}},"2":{"name":"(anonymous_2)","line":33,"loc":{"start":{"line":33,"column":5},"end":{"line":33,"column":17}}},"3":{"name":"(anonymous_3)","line":37,"loc":{"start":{"line":37,"column":24},"end":{"line":37,"column":36}}},"4":{"name":"(anonymous_4)","line":69,"loc":{"start":{"line":69,"column":31},"end":{"line":69,"column":48}},"skip":true},"5":{"name":"(anonymous_5)","line":78,"loc":{"start":{"line":78,"column":26},"end":{"line":78,"column":45}},"skip":true},"6":{"name":"(anonymous_6)","line":123,"loc":{"start":{"line":123,"column":33},"end":{"line":123,"column":48}},"skip":true},"7":{"name":"(anonymous_7)","line":125,"loc":{"start":{"line":125,"column":27},"end":{"line":125,"column":39}},"skip":true},"8":{"name":"(anonymous_8)","line":133,"loc":{"start":{"line":133,"column":59},"end":{"line":133,"column":74}},"skip":true},"9":{"name":"(anonymous_9)","line":143,"loc":{"start":{"line":143,"column":45},"end":{"line":143,"column":62}},"skip":true},"10":{"name":"(anonymous_10)","line":144,"loc":{"start":{"line":144,"column":73},"end":{"line":144,"column":92}},"skip":true},"11":{"name":"(anonymous_11)","line":272,"loc":{"start":{"line":272,"column":51},"end":{"line":272,"column":77}},"skip":true},"12":{"name":"(anonymous_12)","line":315,"loc":{"start":{"line":315,"column":32},"end":{"line":315,"column":61}},"skip":true}},"statementMap":{"1":{"start":{"line":26,"column":0},"end":{"line":326,"column":5}},"2":{"start":{"line":28,"column":4},"end":{"line":28,"column":14}},"3":{"start":{"line":33,"column":4},"end":{"line":60,"column":9}},"4":{"start":{"line":35,"column":8},"end":{"line":35,"column":19}},"5":{"start":{"line":37,"column":8},"end":{"line":49,"column":13}},"6":{"start":{"line":38,"column":12},"end":{"line":48,"column":13}},"7":{"start":{"line":39,"column":16},"end":{"line":42,"column":30}},"8":{"start":{"line":44,"column":16},"end":{"line":47,"column":27}},"9":{"start":{"line":51,"column":8},"end":{"line":53,"column":21}},"10":{"start":{"line":55,"column":8},"end":{"line":57,"column":45}},"11":{"start":{"line":59,"column":8},"end":{"line":59,"column":35}},"12":{"start":{"line":61,"column":4},"end":{"line":325,"column":5}},"13":{"start":{"line":69,"column":8},"end":{"line":121,"column":10},"skip":true},"14":{"start":{"line":70,"column":12},"end":{"line":88,"column":13},"skip":true},"15":{"start":{"line":76,"column":16},"end":{"line":87,"column":19},"skip":true},"16":{"start":{"line":79,"column":20},"end":{"line":86,"column":21},"skip":true},"17":{"start":{"line":82,"column":24},"end":{"line":82,"column":43},"skip":true},"18":{"start":{"line":83,"column":24},"end":{"line":83,"column":30},"skip":true},"19":{"start":{"line":85,"column":24},"end":{"line":85,"column":49},"skip":true},"20":{"start":{"line":89,"column":12},"end":{"line":107,"column":13},"skip":true},"21":{"start":{"line":92,"column":16},"end":{"line":102,"column":17},"skip":true},"22":{"start":{"line":93,"column":20},"end":{"line":93,"column":86},"skip":true},"23":{"start":{"line":94,"column":20},"end":{"line":95,"column":45},"skip":true},"24":{"start":{"line":96,"column":20},"end":{"line":96,"column":42},"skip":true},"25":{"start":{"line":97,"column":20},"end":{"line":97,"column":48},"skip":true},"26":{"start":{"line":100,"column":20},"end":{"line":100,"column":85},"skip":true},"27":{"start":{"line":101,"column":20},"end":{"line":101,"column":96},"skip":true},"28":{"start":{"line":103,"column":16},"end":{"line":103,"column":22},"skip":true},"29":{"start":{"line":106,"column":16},"end":{"line":106,"column":22},"skip":true},"30":{"start":{"line":108,"column":12},"end":{"line":120,"column":13},"skip":true},"31":{"start":{"line":114,"column":16},"end":{"line":119,"column":17},"skip":true},"32":{"start":{"line":116,"column":20},"end":{"line":116,"column":78},"skip":true},"33":{"start":{"line":118,"column":20},"end":{"line":118,"column":47},"skip":true},"34":{"start":{"line":123,"column":8},"end":{"line":141,"column":11},"skip":true},"35":{"start":{"line":124,"column":12},"end":{"line":124,"column":54},"skip":true},"36":{"start":{"line":125,"column":12},"end":{"line":140,"column":14},"skip":true},"37":{"start":{"line":126,"column":16},"end":{"line":126,"column":28},"skip":true},"38":{"start":{"line":127,"column":16},"end":{"line":127,"column":69},"skip":true},"39":{"start":{"line":128,"column":16},"end":{"line":128,"column":75},"skip":true},"40":{"start":{"line":129,"column":16},"end":{"line":131,"column":17},"skip":true},"41":{"start":{"line":130,"column":20},"end":{"line":130,"column":27},"skip":true},"42":{"start":{"line":133,"column":16},"end":{"line":137,"column":36},"skip":true},"43":{"start":{"line":134,"column":20},"end":{"line":136,"column":55},"skip":true},"44":{"start":{"line":139,"column":16},"end":{"line":139,"column":57},"skip":true},"45":{"start":{"line":143,"column":8},"end":{"line":147,"column":11},"skip":true},"46":{"start":{"line":144,"column":12},"end":{"line":146,"column":15},"skip":true},"47":{"start":{"line":145,"column":16},"end":{"line":145,"column":70},"skip":true},"48":{"start":{"line":149,"column":8},"end":{"line":149,"column":31},"skip":true},"49":{"start":{"line":150,"column":8},"end":{"line":150,"column":14},"skip":true},"50":{"start":{"line":158,"column":8},"end":{"line":158,"column":31},"skip":true},"51":{"start":{"line":160,"column":8},"end":{"line":160,"column":33},"skip":true},"52":{"start":{"line":161,"column":8},"end":{"line":161,"column":37},"skip":true},"53":{"start":{"line":162,"column":8},"end":{"line":162,"column":35},"skip":true},"54":{"start":{"line":164,"column":8},"end":{"line":164,"column":50},"skip":true},"55":{"start":{"line":166,"column":8},"end":{"line":256,"column":2},"skip":true},"56":{"start":{"line":258,"column":8},"end":{"line":286,"column":9},"skip":true},"57":{"start":{"line":259,"column":12},"end":{"line":269,"column":14},"skip":true},"58":{"start":{"line":271,"column":12},"end":{"line":285,"column":19},"skip":true},"59":{"start":{"line":274,"column":20},"end":{"line":274,"column":35},"skip":true},"60":{"start":{"line":275,"column":20},"end":{"line":284,"column":21},"skip":true},"61":{"start":{"line":277,"column":24},"end":{"line":277,"column":64},"skip":true},"62":{"start":{"line":279,"column":24},"end":{"line":279,"column":40},"skip":true},"63":{"start":{"line":281,"column":24},"end":{"line":281,"column":40},"skip":true},"64":{"start":{"line":283,"column":24},"end":{"line":283,"column":39},"skip":true},"65":{"start":{"line":288,"column":8},"end":{"line":290,"column":9},"skip":true},"66":{"start":{"line":289,"column":12},"end":{"line":289,"column":18},"skip":true},"67":{"start":{"line":291,"column":8},"end":{"line":293,"column":54},"skip":true},"68":{"start":{"line":296,"column":8},"end":{"line":301,"column":37},"skip":true},"69":{"start":{"line":303,"column":8},"end":{"line":303,"column":82},"skip":true},"70":{"start":{"line":306,"column":8},"end":{"line":308,"column":9},"skip":true},"71":{"start":{"line":307,"column":12},"end":{"line":307,"column":82},"skip":true},"72":{"start":{"line":310,"column":8},"end":{"line":312,"column":9},"skip":true},"73":{"start":{"line":311,"column":12},"end":{"line":311,"column":18},"skip":true},"74":{"start":{"line":313,"column":8},"end":{"line":313,"column":54},"skip":true},"75":{"start":{"line":314,"column":8},"end":{"line":314,"column":69},"skip":true},"76":{"start":{"line":315,"column":8},"end":{"line":323,"column":36},"skip":true},"77":{"start":{"line":316,"column":12},"end":{"line":316,"column":61},"skip":true},"78":{"start":{"line":317,"column":12},"end":{"line":320,"column":13},"skip":true},"79":{"start":{"line":318,"column":16},"end":{"line":318,"column":75},"skip":true},"80":{"start":{"line":319,"column":16},"end":{"line":319,"column":23},"skip":true},"81":{"start":{"line":321,"column":12},"end":{"line":321,"column":38},"skip":true},"82":{"start":{"line":322,"column":12},"end":{"line":322,"column":27},"skip":true},"83":{"start":{"line":324,"column":8},"end":{"line":324,"column":14},"skip":true}},"branchMap":{"1":{"line":39,"type":"binary-expr","locations":[{"start":{"line":39,"column":23},"end":{"line":39,"column":62}},{"start":{"line":40,"column":20},"end":{"line":40,"column":70}},{"start":{"line":41,"column":20},"end":{"line":41,"column":71}},{"start":{"line":42,"column":20},"end":{"line":42,"column":29}}]},"2":{"line":44,"type":"binary-expr","locations":[{"start":{"line":44,"column":23},"end":{"line":44,"column":37}},{"start":{"line":45,"column":20},"end":{"line":45,"column":61}},{"start":{"line":46,"column":20},"end":{"line":46,"column":70}},{"start":{"line":47,"column":20},"end":{"line":47,"column":26}}]},"3":{"line":51,"type":"cond-expr","locations":[{"start":{"line":52,"column":14},"end":{"line":52,"column":20}},{"start":{"line":53,"column":14},"end":{"line":53,"column":20}}]},"4":{"line":55,"type":"binary-expr","locations":[{"start":{"line":55,"column":16},"end":{"line":55,"column":44}},{"start":{"line":55,"column":49},"end":{"line":57,"column":43}}]},"5":{"line":55,"type":"cond-expr","locations":[{"start":{"line":56,"column":14},"end":{"line":56,"column":54}},{"start":{"line":57,"column":14},"end":{"line":57,"column":43}}]},"6":{"line":61,"type":"switch","locations":[{"start":{"line":68,"column":4},"end":{"line":150,"column":14},"skip":true},{"start":{"line":156,"column":4},"end":{"line":324,"column":14},"skip":true}]},"7":{"line":70,"type":"if","locations":[{"start":{"line":70,"column":12},"end":{"line":70,"column":12},"skip":true},{"start":{"line":70,"column":12},"end":{"line":70,"column":12},"skip":true}]},"8":{"line":70,"type":"binary-expr","locations":[{"start":{"line":70,"column":16},"end":{"line":70,"column":22},"skip":true},{"start":{"line":70,"column":27},"end":{"line":70,"column":32},"skip":true},{"start":{"line":71,"column":20},"end":{"line":71,"column":39},"skip":true},{"start":{"line":72,"column":20},"end":{"line":72,"column":49},"skip":true},{"start":{"line":73,"column":20},"end":{"line":73,"column":58},"skip":true},{"start":{"line":74,"column":20},"end":{"line":74,"column":69},"skip":true}]},"9":{"line":79,"type":"switch","locations":[{"start":{"line":80,"column":20},"end":{"line":80,"column":33},"skip":true},{"start":{"line":81,"column":20},"end":{"line":83,"column":30},"skip":true},{"start":{"line":84,"column":20},"end":{"line":85,"column":49},"skip":true}]},"10":{"line":89,"type":"switch","locations":[{"start":{"line":90,"column":12},"end":{"line":103,"column":22},"skip":true},{"start":{"line":105,"column":12},"end":{"line":106,"column":22},"skip":true}]},"11":{"line":89,"type":"binary-expr","locations":[{"start":{"line":89,"column":20},"end":{"line":89,"column":25},"skip":true},{"start":{"line":89,"column":29},"end":{"line":89,"column":48},"skip":true},{"start":{"line":89,"column":52},"end":{"line":89,"column":74},"skip":true}]},"12":{"line":92,"type":"if","locations":[{"start":{"line":92,"column":16},"end":{"line":92,"column":16},"skip":true},{"start":{"line":92,"column":16},"end":{"line":92,"column":16},"skip":true}]},"13":{"line":108,"type":"if","locations":[{"start":{"line":108,"column":12},"end":{"line":108,"column":12},"skip":true},{"start":{"line":108,"column":12},"end":{"line":108,"column":12},"skip":true}]},"14":{"line":108,"type":"binary-expr","locations":[{"start":{"line":108,"column":16},"end":{"line":108,"column":61},"skip":true},{"start":{"line":108,"column":66},"end":{"line":108,"column":72},"skip":true},{"start":{"line":108,"column":77},"end":{"line":108,"column":82},"skip":true},{"start":{"line":109,"column":20},"end":{"line":109,"column":39},"skip":true},{"start":{"line":110,"column":20},"end":{"line":110,"column":49},"skip":true},{"start":{"line":111,"column":20},"end":{"line":111,"column":58},"skip":true},{"start":{"line":112,"column":20},"end":{"line":112,"column":68},"skip":true}]},"15":{"line":129,"type":"if","locations":[{"start":{"line":129,"column":16},"end":{"line":129,"column":16},"skip":true},{"start":{"line":129,"column":16},"end":{"line":129,"column":16},"skip":true}]},"16":{"line":134,"type":"cond-expr","locations":[{"start":{"line":135,"column":26},"end":{"line":135,"column":29},"skip":true},{"start":{"line":136,"column":26},"end":{"line":136,"column":54},"skip":true}]},"17":{"line":164,"type":"binary-expr","locations":[{"start":{"line":164,"column":27},"end":{"line":164,"column":43},"skip":true},{"start":{"line":164,"column":47},"end":{"line":164,"column":49},"skip":true}]},"18":{"line":258,"type":"if","locations":[{"start":{"line":258,"column":8},"end":{"line":258,"column":8},"skip":true},{"start":{"line":258,"column":8},"end":{"line":258,"column":8},"skip":true}]},"19":{"line":275,"type":"switch","locations":[{"start":{"line":276,"column":20},"end":{"line":277,"column":64},"skip":true},{"start":{"line":278,"column":20},"end":{"line":279,"column":40},"skip":true},{"start":{"line":280,"column":20},"end":{"line":281,"column":40},"skip":true},{"start":{"line":282,"column":20},"end":{"line":283,"column":39},"skip":true}]},"20":{"line":288,"type":"if","locations":[{"start":{"line":288,"column":8},"end":{"line":288,"column":8},"skip":true},{"start":{"line":288,"column":8},"end":{"line":288,"column":8},"skip":true}]},"21":{"line":288,"type":"binary-expr","locations":[{"start":{"line":288,"column":12},"end":{"line":288,"column":40},"skip":true},{"start":{"line":288,"column":44},"end":{"line":288,"column":67},"skip":true}]},"22":{"line":292,"type":"binary-expr","locations":[{"start":{"line":292,"column":12},"end":{"line":292,"column":50},"skip":true},{"start":{"line":293,"column":12},"end":{"line":293,"column":53},"skip":true}]},"23":{"line":297,"type":"binary-expr","locations":[{"start":{"line":297,"column":12},"end":{"line":297,"column":68},"skip":true},{"start":{"line":298,"column":12},"end":{"line":301,"column":36},"skip":true}]},"24":{"line":303,"type":"binary-expr","locations":[{"start":{"line":303,"column":43},"end":{"line":303,"column":75},"skip":true},{"start":{"line":303,"column":79},"end":{"line":303,"column":81},"skip":true}]},"25":{"line":306,"type":"if","locations":[{"start":{"line":306,"column":8},"end":{"line":306,"column":8},"skip":true},{"start":{"line":306,"column":8},"end":{"line":306,"column":8},"skip":true}]},"26":{"line":310,"type":"if","locations":[{"start":{"line":310,"column":8},"end":{"line":310,"column":8},"skip":true},{"start":{"line":310,"column":8},"end":{"line":310,"column":8},"skip":true}]},"27":{"line":313,"type":"binary-expr","locations":[{"start":{"line":313,"column":27},"end":{"line":313,"column":43},"skip":true},{"start":{"line":313,"column":47},"end":{"line":313,"column":53},"skip":true}]},"28":{"line":317,"type":"if","locations":[{"start":{"line":317,"column":12},"end":{"line":317,"column":12},"skip":true},{"start":{"line":317,"column":12},"end":{"line":317,"column":12},"skip":true}]}},"code":["/*","example.js","","quickstart example","","instruction","    1. save this script as example.js","    2. run the shell command:","        $ npm install npmtest-dot-object && PORT=8081 node example.js","    3. play with the browser-demo on http://127.0.0.1:8081","*/","","","","/* istanbul instrument in package npmtest_dot_object */","/*jslint","    bitwise: true,","    browser: true,","    maxerr: 8,","    maxlen: 96,","    node: true,","    nomen: true,","    regexp: true,","    stupid: true","*/","(function () {","    'use strict';","    var local;","","","","    // run shared js-env code - pre-init","    (function () {","        // init local","        local = {};","        // init modeJs","        local.modeJs = (function () {","            try {","                return typeof navigator.userAgent === 'string' &&","                    typeof document.querySelector('body') === 'object' &&","                    typeof XMLHttpRequest.prototype.open === 'function' &&","                    'browser';","            } catch (errorCaughtBrowser) {","                return module.exports &&","                    typeof process.versions.node === 'string' &&","                    typeof require('http').createServer === 'function' &&","                    'node';","            }","        }());","        // init global","        local.global = local.modeJs === 'browser'","            ? window","            : global;","        // init utility2_rollup","        local = local.global.utility2_rollup || (local.modeJs === 'browser'","            ? local.global.utility2_npmtest_dot_object","            : global.utility2_moduleExports);","        // export local","        local.global.local = local;","    }());","    switch (local.modeJs) {","","","","    // post-init","    // run browser js-env code - post-init","    /* istanbul ignore next */","    case 'browser':","        local.testRunBrowser = function (event) {","            if (!event || (event &&","                    event.currentTarget &&","                    event.currentTarget.className &&","                    event.currentTarget.className.includes &&","                    event.currentTarget.className.includes('onreset'))) {","                // reset output","                Array.from(","                    document.querySelectorAll('body > .resettable')","                ).forEach(function (element) {","                    switch (element.tagName) {","                    case 'INPUT':","                    case 'TEXTAREA':","                        element.value = '';","                        break;","                    default:","                        element.textContent = '';","                    }","                });","            }","            switch (event && event.currentTarget && event.currentTarget.id) {","            case 'testRunButton1':","                // show tests","                if (document.querySelector('#testReportDiv1').style.display === 'none') {","                    document.querySelector('#testReportDiv1').style.display = 'block';","                    document.querySelector('#testRunButton1').textContent =","                        'hide internal test';","                    local.modeTest = true;","                    local.testRunDefault(local);","                // hide tests","                } else {","                    document.querySelector('#testReportDiv1').style.display = 'none';","                    document.querySelector('#testRunButton1').textContent = 'run internal test';","                }","                break;","            // custom-case","            default:","                break;","            }","            if (document.querySelector('#inputTextareaEval1') && (!event || (event &&","                    event.currentTarget &&","                    event.currentTarget.className &&","                    event.currentTarget.className.includes &&","                    event.currentTarget.className.includes('oneval')))) {","                // try to eval input-code","                try {","                    /*jslint evil: true*/","                    eval(document.querySelector('#inputTextareaEval1').value);","                } catch (errorCaught) {","                    console.error(errorCaught);","                }","            }","        };","        // log stderr and stdout to #outputTextareaStdout1","        ['error', 'log'].forEach(function (key) {","            console[key + '_original'] = console[key];","            console[key] = function () {","                var element;","                console[key + '_original'].apply(console, arguments);","                element = document.querySelector('#outputTextareaStdout1');","                if (!element) {","                    return;","                }","                // append text to #outputTextareaStdout1","                element.value += Array.from(arguments).map(function (arg) {","                    return typeof arg === 'string'","                        ? arg","                        : JSON.stringify(arg, null, 4);","                }).join(' ') + '\\n';","                // scroll textarea to bottom","                element.scrollTop = element.scrollHeight;","            };","        });","        // init event-handling","        ['change', 'click', 'keyup'].forEach(function (event) {","            Array.from(document.querySelectorAll('.on' + event)).forEach(function (element) {","                element.addEventListener(event, local.testRunBrowser);","            });","        });","        // run tests","        local.testRunBrowser();","        break;","","","","    // run node js-env code - post-init","    /* istanbul ignore next */","    case 'node':","        // export local","        module.exports = local;","        // require modules","        local.fs = require('fs');","        local.http = require('http');","        local.url = require('url');","        // init assets","        local.assetsDict = local.assetsDict || {};","        /* jslint-ignore-begin */","        local.assetsDict['/assets.index.template.html'] = '\\","<!doctype html>\\n\\","<html lang=\"en\">\\n\\","<head>\\n\\","<meta charset=\"UTF-8\">\\n\\","<meta name=\"viewport\" content=\"width=device-width, initial-scale=1\">\\n\\","<title>{{env.npm_package_name}} (v{{env.npm_package_version}})</title>\\n\\","<style>\\n\\","/*csslint\\n\\","    box-sizing: false,\\n\\","    universal-selector: false\\n\\","*/\\n\\","* {\\n\\","    box-sizing: border-box;\\n\\","}\\n\\","body {\\n\\","    background: #dde;\\n\\","    font-family: Arial, Helvetica, sans-serif;\\n\\","    margin: 2rem;\\n\\","}\\n\\","body > * {\\n\\","    margin-bottom: 1rem;\\n\\","}\\n\\",".utility2FooterDiv {\\n\\","    margin-top: 20px;\\n\\","    text-align: center;\\n\\","}\\n\\","</style>\\n\\","<style>\\n\\","/*csslint\\n\\","*/\\n\\","textarea {\\n\\","    font-family: monospace;\\n\\","    height: 10rem;\\n\\","    width: 100%;\\n\\","}\\n\\","textarea[readonly] {\\n\\","    background: #ddd;\\n\\","}\\n\\","</style>\\n\\","</head>\\n\\","<body>\\n\\","<!-- utility2-comment\\n\\","<div id=\"ajaxProgressDiv1\" style=\"background: #d00; height: 2px; left: 0; margin: 0; padding: 0; position: fixed; top: 0; transition: background 0.5s, width 1.5s; width: 25%;\"></div>\\n\\","utility2-comment -->\\n\\","<h1>\\n\\","<!-- utility2-comment\\n\\","    <a\\n\\","        {{#if env.npm_package_homepage}}\\n\\","        href=\"{{env.npm_package_homepage}}\"\\n\\","        {{/if env.npm_package_homepage}}\\n\\","        target=\"_blank\"\\n\\","    >\\n\\","utility2-comment -->\\n\\","        {{env.npm_package_name}} (v{{env.npm_package_version}})\\n\\","<!-- utility2-comment\\n\\","    </a>\\n\\","utility2-comment -->\\n\\","</h1>\\n\\","<h3>{{env.npm_package_description}}</h3>\\n\\","<!-- utility2-comment\\n\\","<h4><a download href=\"assets.app.js\">download standalone app</a></h4>\\n\\","<button class=\"onclick onreset\" id=\"testRunButton1\">run internal test</button><br>\\n\\","<div id=\"testReportDiv1\" style=\"display: none;\"></div>\\n\\","utility2-comment -->\\n\\","\\n\\","\\n\\","\\n\\","<label>stderr and stdout</label>\\n\\","<textarea class=\"resettable\" id=\"outputTextareaStdout1\" readonly></textarea>\\n\\","<!-- utility2-comment\\n\\","{{#if isRollup}}\\n\\","<script src=\"assets.app.js\"></script>\\n\\","{{#unless isRollup}}\\n\\","utility2-comment -->\\n\\","<script src=\"assets.utility2.rollup.js\"></script>\\n\\","<script src=\"jsonp.utility2._stateInit?callback=window.utility2._stateInit\"></script>\\n\\","<script src=\"assets.npmtest_dot_object.rollup.js\"></script>\\n\\","<script src=\"assets.example.js\"></script>\\n\\","<script src=\"assets.test.js\"></script>\\n\\","<!-- utility2-comment\\n\\","{{/if isRollup}}\\n\\","utility2-comment -->\\n\\","<div class=\"utility2FooterDiv\">\\n\\","    [ this app was created with\\n\\","    <a href=\"https://github.com/kaizhu256/node-utility2\" target=\"_blank\">utility2</a>\\n\\","    ]\\n\\","</div>\\n\\","</body>\\n\\","</html>\\n\\","';","        /* jslint-ignore-end */","        if (local.templateRender) {","            local.assetsDict['/'] = local.templateRender(","                local.assetsDict['/assets.index.template.html'],","                {","                    env: local.objectSetDefault(local.env, {","                        npm_package_description: 'the greatest app in the world!',","                        npm_package_name: 'my-app',","                        npm_package_nameAlias: 'my_app',","                        npm_package_version: '0.0.1'","                    })","                }","            );","        } else {","            local.assetsDict['/'] = local.assetsDict['/assets.index.template.html']","                .replace((/\\{\\{env\\.(\\w+?)\\}\\}/g), function (match0, match1) {","                    // jslint-hack","                    String(match0);","                    switch (match1) {","                    case 'npm_package_description':","                        return 'the greatest app in the world!';","                    case 'npm_package_name':","                        return 'my-app';","                    case 'npm_package_nameAlias':","                        return 'my_app';","                    case 'npm_package_version':","                        return '0.0.1';","                    }","                });","        }","        // run the cli","        if (local.global.utility2_rollup || module !== require.main) {","            break;","        }","        local.assetsDict['/assets.example.js'] =","            local.assetsDict['/assets.example.js'] ||","            local.fs.readFileSync(__filename, 'utf8');","        // bug-workaround - long $npm_package_buildCustomOrg","        /* jslint-ignore-begin */","        local.assetsDict['/assets.npmtest_dot_object.rollup.js'] =","            local.assetsDict['/assets.npmtest_dot_object.rollup.js'] ||","            local.fs.readFileSync(","                local.npmtest_dot_object.__dirname + '/lib.npmtest_dot_object.js',","                'utf8'","            ).replace((/^#!/), '//');","        /* jslint-ignore-end */","        local.assetsDict['/favicon.ico'] = local.assetsDict['/favicon.ico'] || '';","        // if $npm_config_timeout_exit exists,","        // then exit this process after $npm_config_timeout_exit ms","        if (Number(process.env.npm_config_timeout_exit)) {","            setTimeout(process.exit, Number(process.env.npm_config_timeout_exit));","        }","        // start server","        if (local.global.utility2_serverHttp1) {","            break;","        }","        process.env.PORT = process.env.PORT || '8081';","        console.error('server starting on port ' + process.env.PORT);","        local.http.createServer(function (request, response) {","            request.urlParsed = local.url.parse(request.url);","            if (local.assetsDict[request.urlParsed.pathname] !== undefined) {","                response.end(local.assetsDict[request.urlParsed.pathname]);","                return;","            }","            response.statusCode = 404;","            response.end();","        }).listen(process.env.PORT);","        break;","    }","}());",""],"l":{"26":2,"28":2,"33":2,"35":2,"37":2,"38":2,"39":2,"44":1,"51":2,"55":2,"59":2,"61":2,"69":1,"70":2,"76":2,"79":2,"82":2,"83":2,"85":1,"89":2,"92":1,"93":1,"94":1,"96":1,"97":1,"100":1,"101":1,"103":1,"106":1,"108":2,"114":1,"116":1,"118":1,"123":1,"124":2,"125":2,"126":3,"127":3,"128":3,"129":3,"130":1,"133":3,"134":3,"139":3,"143":1,"144":3,"145":1,"149":1,"150":1,"158":1,"160":1,"161":1,"162":1,"164":1,"166":1,"258":1,"259":1,"271":1,"274":6,"275":6,"277":1,"279":2,"281":1,"283":2,"288":1,"289":1,"291":1,"296":1,"303":1,"306":1,"307":1,"310":1,"311":1,"313":1,"314":1,"315":1,"316":1,"317":1,"318":1,"319":1,"321":1,"322":1,"324":1}},"/home/travis/build/npmtest/node-npmtest-dot-object/node_modules/dot-object/index.js":{"path":"/home/travis/build/npmtest/node-npmtest-dot-object/node_modules/dot-object/index.js","s":{"1":1,"2":0,"3":0,"4":0,"5":0,"6":0,"7":0,"8":0,"9":0,"10":0,"11":0,"12":0,"13":0,"14":1,"15":0,"16":0,"17":0,"18":1,"19":0,"20":1,"21":0,"22":0,"23":0,"24":1,"25":1,"26":0,"27":1,"28":0,"29":1,"30":0,"31":1,"32":0,"33":1,"34":1,"35":1,"36":1,"37":1,"38":1,"39":10,"40":0,"41":1,"42":0,"43":0,"44":0,"45":0,"46":0,"47":0,"48":0,"49":0,"50":0,"51":0,"52":0,"53":1,"54":0,"55":0,"56":0,"57":0,"58":0,"59":0,"60":0,"61":0,"62":0,"63":0,"64":1,"65":0,"66":0,"67":0,"68":0,"69":0,"70":1,"71":0,"72":0,"73":0,"74":0,"75":0,"76":0,"77":0,"78":0,"79":0,"80":0,"81":0,"82":0,"83":0,"84":0,"85":0,"86":0,"87":0,"88":0,"89":0,"90":0,"91":0,"92":0,"93":0,"94":0,"95":0,"96":1,"97":0,"98":0,"99":0,"100":0,"101":0,"102":0,"103":0,"104":0,"105":1,"106":0,"107":0,"108":0,"109":0,"110":0,"111":0,"112":0,"113":0,"114":0,"115":0,"116":0,"117":0,"118":0,"119":1,"120":1,"121":0,"122":0,"123":0,"124":0,"125":0,"126":1,"127":0,"128":0,"129":0,"130":0,"131":0,"132":1,"133":0,"134":0,"135":0,"136":0,"137":0,"138":1,"139":0,"140":1,"141":0,"142":0,"143":0,"144":0,"145":0,"146":0,"147":0,"148":0,"149":0,"150":0,"151":0,"152":0,"153":0,"154":0,"155":0,"156":0,"157":0,"158":0,"159":0,"160":0,"161":0,"162":0,"163":0,"164":0,"165":1,"166":0,"167":0,"168":0,"169":0,"170":0,"171":1,"172":0,"173":0,"174":0,"175":0,"176":0,"177":0,"178":0,"179":1,"180":1,"181":1,"182":1,"183":1,"184":1,"185":1,"186":1,"187":1,"188":1,"189":1,"190":2,"191":0,"192":0,"193":1,"194":0,"195":0,"196":1,"197":1},"b":{"1":[0,0],"2":[0,0],"3":[0,0],"4":[0,0],"5":[0,0],"6":[0,0,0],"7":[0,0],"8":[0,1],"9":[0,1],"10":[0,1],"11":[0,1],"12":[0,0],"13":[0,0],"14":[0,0],"15":[0,0],"16":[0,0],"17":[0,0],"18":[0,0],"19":[0,0,0],"20":[0,0],"21":[0,0],"22":[0,0],"23":[0,0],"24":[0,0],"25":[0,0],"26":[0,0],"27":[0,0,0],"28":[0,0],"29":[0,0],"30":[0,0],"31":[0,0],"32":[0,0],"33":[0,0],"34":[0,0],"35":[0,0],"36":[0,0],"37":[0,0],"38":[0,0],"39":[0,0],"40":[0,0],"41":[0,0],"42":[0,0],"43":[0,0],"44":[0,0],"45":[0,0],"46":[0,0,0],"47":[0,0],"48":[0,0],"49":[0,0,0],"50":[0,0],"51":[0,0,0],"52":[0,0],"53":[0,0],"54":[0,0],"55":[0,0],"56":[0,0],"57":[0,0],"58":[0,0,0]},"f":{"1":0,"2":0,"3":0,"4":0,"5":1,"6":10,"7":0,"8":0,"9":0,"10":0,"11":0,"12":0,"13":0,"14":0,"15":0,"16":0,"17":0,"18":0,"19":0,"20":0,"21":0,"22":0,"23":0,"24":0,"25":0,"26":2,"27":0,"28":0,"29":0,"30":0},"fnMap":{"1":{"name":"_process","line":3,"loc":{"start":{"line":3,"column":0},"end":{"line":3,"column":27}}},"2":{"name":"parseKey","line":24,"loc":{"start":{"line":24,"column":0},"end":{"line":24,"column":29}}},"3":{"name":"isIndex","line":32,"loc":{"start":{"line":32,"column":0},"end":{"line":32,"column":21}}},"4":{"name":"parsePath","line":36,"loc":{"start":{"line":36,"column":0},"end":{"line":36,"column":31}}},"5":{"name":"DotObject","line":43,"loc":{"start":{"line":43,"column":0},"end":{"line":43,"column":51}}},"6":{"name":"wrap","line":60,"loc":{"start":{"line":60,"column":0},"end":{"line":60,"column":23}}},"7":{"name":"(anonymous_7)","line":61,"loc":{"start":{"line":61,"column":9},"end":{"line":61,"column":21}}},"8":{"name":"(anonymous_8)","line":66,"loc":{"start":{"line":66,"column":28},"end":{"line":66,"column":54}}},"9":{"name":"(anonymous_9)","line":116,"loc":{"start":{"line":116,"column":29},"end":{"line":116,"column":50}}},"10":{"name":"(anonymous_10)","line":119,"loc":{"start":{"line":119,"column":27},"end":{"line":119,"column":40}}},"11":{"name":"(anonymous_11)","line":141,"loc":{"start":{"line":141,"column":26},"end":{"line":141,"column":55}}},"12":{"name":"(anonymous_12)","line":161,"loc":{"start":{"line":161,"column":27},"end":{"line":161,"column":56}}},"13":{"name":"(anonymous_13)","line":194,"loc":{"start":{"line":194,"column":21},"end":{"line":194,"column":34}}},"14":{"name":"(anonymous_14)","line":207,"loc":{"start":{"line":207,"column":29},"end":{"line":207,"column":50}}},"15":{"name":"(anonymous_15)","line":222,"loc":{"start":{"line":222,"column":31},"end":{"line":222,"column":46}}},"16":{"name":"(anonymous_16)","line":232,"loc":{"start":{"line":232,"column":32},"end":{"line":232,"column":45}}},"17":{"name":"(anonymous_17)","line":255,"loc":{"start":{"line":255,"column":27},"end":{"line":255,"column":71}}},"18":{"name":"(anonymous_18)","line":280,"loc":{"start":{"line":280,"column":31},"end":{"line":280,"column":82}}},"19":{"name":"(anonymous_19)","line":309,"loc":{"start":{"line":309,"column":27},"end":{"line":309,"column":78}}},"20":{"name":"isObject","line":329,"loc":{"start":{"line":329,"column":0},"end":{"line":329,"column":24}}},"21":{"name":"(anonymous_21)","line":342,"loc":{"start":{"line":342,"column":26},"end":{"line":342,"column":59}}},"22":{"name":"(anonymous_22)","line":411,"loc":{"start":{"line":411,"column":32},"end":{"line":411,"column":60}}},"23":{"name":"(anonymous_23)","line":414,"loc":{"start":{"line":414,"column":30},"end":{"line":414,"column":45}}},"24":{"name":"(anonymous_24)","line":437,"loc":{"start":{"line":437,"column":26},"end":{"line":437,"column":52}}},"25":{"name":"(anonymous_25)","line":440,"loc":{"start":{"line":440,"column":27},"end":{"line":440,"column":42}}},"26":{"name":"(anonymous_26)","line":461,"loc":{"start":{"line":461,"column":35},"end":{"line":461,"column":51}}},"27":{"name":"(anonymous_27)","line":463,"loc":{"start":{"line":463,"column":9},"end":{"line":463,"column":21}}},"28":{"name":"(anonymous_28)","line":466,"loc":{"start":{"line":466,"column":9},"end":{"line":466,"column":24}}},"29":{"name":"(anonymous_29)","line":473,"loc":{"start":{"line":473,"column":7},"end":{"line":473,"column":19}}},"30":{"name":"(anonymous_30)","line":476,"loc":{"start":{"line":476,"column":7},"end":{"line":476,"column":22}}}},"statementMap":{"1":{"start":{"line":3,"column":0},"end":{"line":22,"column":1}},"2":{"start":{"line":4,"column":2},"end":{"line":4,"column":7}},"3":{"start":{"line":5,"column":2},"end":{"line":5,"column":7}},"4":{"start":{"line":7,"column":2},"end":{"line":19,"column":3}},"5":{"start":{"line":8,"column":4},"end":{"line":8,"column":14}},"6":{"start":{"line":9,"column":4},"end":{"line":11,"column":5}},"7":{"start":{"line":10,"column":6},"end":{"line":10,"column":11}},"8":{"start":{"line":12,"column":9},"end":{"line":19,"column":3}},"9":{"start":{"line":13,"column":4},"end":{"line":18,"column":5}},"10":{"start":{"line":14,"column":6},"end":{"line":14,"column":19}},"11":{"start":{"line":15,"column":6},"end":{"line":17,"column":7}},"12":{"start":{"line":16,"column":8},"end":{"line":16,"column":13}},"13":{"start":{"line":21,"column":2},"end":{"line":21,"column":10}},"14":{"start":{"line":24,"column":0},"end":{"line":30,"column":1}},"15":{"start":{"line":26,"column":2},"end":{"line":28,"column":3}},"16":{"start":{"line":27,"column":4},"end":{"line":27,"column":41}},"17":{"start":{"line":29,"column":2},"end":{"line":29,"column":12}},"18":{"start":{"line":32,"column":0},"end":{"line":34,"column":1}},"19":{"start":{"line":33,"column":2},"end":{"line":33,"column":23}},"20":{"start":{"line":36,"column":0},"end":{"line":41,"column":1}},"21":{"start":{"line":37,"column":2},"end":{"line":39,"column":3}},"22":{"start":{"line":38,"column":4},"end":{"line":38,"column":53}},"23":{"start":{"line":40,"column":2},"end":{"line":40,"column":24}},"24":{"start":{"line":43,"column":0},"end":{"line":57,"column":1}},"25":{"start":{"line":44,"column":2},"end":{"line":46,"column":3}},"26":{"start":{"line":45,"column":4},"end":{"line":45,"column":55}},"27":{"start":{"line":48,"column":2},"end":{"line":48,"column":55}},"28":{"start":{"line":48,"column":40},"end":{"line":48,"column":55}},"29":{"start":{"line":49,"column":2},"end":{"line":49,"column":55}},"30":{"start":{"line":49,"column":39},"end":{"line":49,"column":55}},"31":{"start":{"line":50,"column":2},"end":{"line":50,"column":54}},"32":{"start":{"line":50,"column":39},"end":{"line":50,"column":54}},"33":{"start":{"line":51,"column":2},"end":{"line":51,"column":28}},"34":{"start":{"line":52,"column":2},"end":{"line":52,"column":26}},"35":{"start":{"line":53,"column":2},"end":{"line":53,"column":26}},"36":{"start":{"line":56,"column":2},"end":{"line":56,"column":19}},"37":{"start":{"line":59,"column":0},"end":{"line":59,"column":48}},"38":{"start":{"line":60,"column":0},"end":{"line":64,"column":1}},"39":{"start":{"line":61,"column":2},"end":{"line":63,"column":3}},"40":{"start":{"line":62,"column":4},"end":{"line":62,"column":58}},"41":{"start":{"line":66,"column":0},"end":{"line":92,"column":1}},"42":{"start":{"line":67,"column":2},"end":{"line":67,"column":19}},"43":{"start":{"line":69,"column":2},"end":{"line":91,"column":3}},"44":{"start":{"line":70,"column":4},"end":{"line":71,"column":48}},"45":{"start":{"line":73,"column":4},"end":{"line":81,"column":5}},"46":{"start":{"line":74,"column":6},"end":{"line":80,"column":7}},"47":{"start":{"line":75,"column":8},"end":{"line":75,"column":19}},"48":{"start":{"line":77,"column":8},"end":{"line":79,"column":9}},"49":{"start":{"line":83,"column":4},"end":{"line":83,"column":33}},"50":{"start":{"line":85,"column":4},"end":{"line":88,"column":5}},"51":{"start":{"line":87,"column":6},"end":{"line":87,"column":70}},"52":{"start":{"line":90,"column":4},"end":{"line":90,"column":29}},"53":{"start":{"line":116,"column":0},"end":{"line":133,"column":1}},"54":{"start":{"line":117,"column":2},"end":{"line":117,"column":17}},"55":{"start":{"line":119,"column":2},"end":{"line":130,"column":4}},"56":{"start":{"line":120,"column":4},"end":{"line":120,"column":49}},"57":{"start":{"line":122,"column":4},"end":{"line":122,"column":62}},"58":{"start":{"line":124,"column":4},"end":{"line":129,"column":5}},"59":{"start":{"line":125,"column":6},"end":{"line":125,"column":60}},"60":{"start":{"line":126,"column":6},"end":{"line":126,"column":19}},"61":{"start":{"line":127,"column":11},"end":{"line":129,"column":5}},"62":{"start":{"line":128,"column":6},"end":{"line":128,"column":36}},"63":{"start":{"line":132,"column":2},"end":{"line":132,"column":12}},"64":{"start":{"line":141,"column":0},"end":{"line":149,"column":1}},"65":{"start":{"line":142,"column":2},"end":{"line":146,"column":3}},"66":{"start":{"line":143,"column":4},"end":{"line":143,"column":55}},"67":{"start":{"line":144,"column":9},"end":{"line":146,"column":3}},"68":{"start":{"line":145,"column":4},"end":{"line":145,"column":32}},"69":{"start":{"line":148,"column":2},"end":{"line":148,"column":12}},"70":{"start":{"line":161,"column":0},"end":{"line":197,"column":1}},"71":{"start":{"line":162,"column":2},"end":{"line":162,"column":7}},"72":{"start":{"line":163,"column":2},"end":{"line":163,"column":10}},"73":{"start":{"line":164,"column":2},"end":{"line":164,"column":9}},"74":{"start":{"line":165,"column":2},"end":{"line":165,"column":9}},"75":{"start":{"line":166,"column":2},"end":{"line":166,"column":8}},"76":{"start":{"line":168,"column":2},"end":{"line":168,"column":40}},"77":{"start":{"line":169,"column":2},"end":{"line":192,"column":3}},"78":{"start":{"line":170,"column":4},"end":{"line":170,"column":32}},"79":{"start":{"line":171,"column":4},"end":{"line":191,"column":5}},"80":{"start":{"line":172,"column":6},"end":{"line":188,"column":7}},"81":{"start":{"line":173,"column":8},"end":{"line":185,"column":9}},"82":{"start":{"line":174,"column":10},"end":{"line":174,"column":24}},"83":{"start":{"line":175,"column":10},"end":{"line":175,"column":25}},"84":{"start":{"line":176,"column":10},"end":{"line":181,"column":11}},"85":{"start":{"line":177,"column":12},"end":{"line":177,"column":44}},"86":{"start":{"line":178,"column":12},"end":{"line":180,"column":13}},"87":{"start":{"line":179,"column":14},"end":{"line":179,"column":35}},"88":{"start":{"line":182,"column":10},"end":{"line":182,"column":20}},"89":{"start":{"line":184,"column":10},"end":{"line":184,"column":25}},"90":{"start":{"line":187,"column":8},"end":{"line":187,"column":22}},"91":{"start":{"line":190,"column":6},"end":{"line":190,"column":22}},"92":{"start":{"line":193,"column":2},"end":{"line":195,"column":3}},"93":{"start":{"line":194,"column":4},"end":{"line":194,"column":61}},"94":{"start":{"line":194,"column":36},"end":{"line":194,"column":59}},"95":{"start":{"line":196,"column":2},"end":{"line":196,"column":12}},"96":{"start":{"line":207,"column":0},"end":{"line":220,"column":1}},"97":{"start":{"line":208,"column":2},"end":{"line":208,"column":7}},"98":{"start":{"line":210,"column":2},"end":{"line":210,"column":19}},"99":{"start":{"line":211,"column":2},"end":{"line":219,"column":3}},"100":{"start":{"line":212,"column":4},"end":{"line":214,"column":5}},"101":{"start":{"line":213,"column":6},"end":{"line":213,"column":35}},"102":{"start":{"line":215,"column":4},"end":{"line":215,"column":22}},"103":{"start":{"line":216,"column":4},"end":{"line":216,"column":14}},"104":{"start":{"line":218,"column":4},"end":{"line":218,"column":37}},"105":{"start":{"line":222,"column":0},"end":{"line":237,"column":1}},"106":{"start":{"line":223,"column":2},"end":{"line":223,"column":9}},"107":{"start":{"line":224,"column":2},"end":{"line":224,"column":7}},"108":{"start":{"line":225,"column":2},"end":{"line":225,"column":10}},"109":{"start":{"line":226,"column":2},"end":{"line":226,"column":10}},"110":{"start":{"line":227,"column":2},"end":{"line":236,"column":3}},"111":{"start":{"line":228,"column":4},"end":{"line":234,"column":5}},"112":{"start":{"line":229,"column":6},"end":{"line":229,"column":39}},"113":{"start":{"line":230,"column":6},"end":{"line":230,"column":41}},"114":{"start":{"line":231,"column":6},"end":{"line":231,"column":45}},"115":{"start":{"line":232,"column":6},"end":{"line":232,"column":72}},"116":{"start":{"line":232,"column":47},"end":{"line":232,"column":70}},"117":{"start":{"line":233,"column":6},"end":{"line":233,"column":41}},"118":{"start":{"line":235,"column":4},"end":{"line":235,"column":21}},"119":{"start":{"line":240,"column":0},"end":{"line":240,"column":52}},"120":{"start":{"line":255,"column":0},"end":{"line":264,"column":1}},"121":{"start":{"line":256,"column":2},"end":{"line":261,"column":3}},"122":{"start":{"line":257,"column":4},"end":{"line":257,"column":78}},"123":{"start":{"line":259,"column":4},"end":{"line":259,"column":16}},"124":{"start":{"line":260,"column":4},"end":{"line":260,"column":62}},"125":{"start":{"line":263,"column":2},"end":{"line":263,"column":12}},"126":{"start":{"line":280,"column":0},"end":{"line":293,"column":1}},"127":{"start":{"line":281,"column":2},"end":{"line":290,"column":3}},"128":{"start":{"line":282,"column":4},"end":{"line":286,"column":21}},"129":{"start":{"line":288,"column":4},"end":{"line":288,"column":16}},"130":{"start":{"line":289,"column":4},"end":{"line":289,"column":64}},"131":{"start":{"line":292,"column":2},"end":{"line":292,"column":13}},"132":{"start":{"line":309,"column":0},"end":{"line":327,"column":1}},"133":{"start":{"line":310,"column":2},"end":{"line":324,"column":3}},"134":{"start":{"line":311,"column":4},"end":{"line":320,"column":21}},"135":{"start":{"line":322,"column":4},"end":{"line":322,"column":16}},"136":{"start":{"line":323,"column":4},"end":{"line":323,"column":65}},"137":{"start":{"line":326,"column":2},"end":{"line":326,"column":13}},"138":{"start":{"line":329,"column":0},"end":{"line":331,"column":1}},"139":{"start":{"line":330,"column":2},"end":{"line":330,"column":66}},"140":{"start":{"line":342,"column":0},"end":{"line":385,"column":1}},"141":{"start":{"line":343,"column":2},"end":{"line":343,"column":7}},"142":{"start":{"line":344,"column":2},"end":{"line":344,"column":7}},"143":{"start":{"line":345,"column":2},"end":{"line":345,"column":10}},"144":{"start":{"line":346,"column":2},"end":{"line":346,"column":9}},"145":{"start":{"line":349,"column":2},"end":{"line":351,"column":3}},"146":{"start":{"line":350,"column":4},"end":{"line":350,"column":14}},"147":{"start":{"line":352,"column":2},"end":{"line":352,"column":40}},"148":{"start":{"line":354,"column":2},"end":{"line":383,"column":3}},"149":{"start":{"line":355,"column":4},"end":{"line":355,"column":17}},"150":{"start":{"line":356,"column":4},"end":{"line":381,"column":5}},"151":{"start":{"line":357,"column":6},"end":{"line":369,"column":7}},"152":{"start":{"line":358,"column":8},"end":{"line":362,"column":9}},"153":{"start":{"line":359,"column":10},"end":{"line":361,"column":11}},"154":{"start":{"line":360,"column":12},"end":{"line":360,"column":32}},"155":{"start":{"line":363,"column":13},"end":{"line":369,"column":7}},"156":{"start":{"line":364,"column":8},"end":{"line":366,"column":9}},"157":{"start":{"line":365,"column":10},"end":{"line":365,"column":35}},"158":{"start":{"line":368,"column":8},"end":{"line":368,"column":22}},"159":{"start":{"line":370,"column":11},"end":{"line":381,"column":5}},"160":{"start":{"line":376,"column":6},"end":{"line":380,"column":7}},"161":{"start":{"line":377,"column":8},"end":{"line":377,"column":21}},"162":{"start":{"line":379,"column":8},"end":{"line":379,"column":21}},"163":{"start":{"line":382,"column":4},"end":{"line":382,"column":18}},"164":{"start":{"line":384,"column":2},"end":{"line":384,"column":12}},"165":{"start":{"line":411,"column":0},"end":{"line":418,"column":1}},"166":{"start":{"line":412,"column":2},"end":{"line":412,"column":17}},"167":{"start":{"line":413,"column":2},"end":{"line":413,"column":17}},"168":{"start":{"line":414,"column":2},"end":{"line":416,"column":15}},"169":{"start":{"line":415,"column":4},"end":{"line":415,"column":51}},"170":{"start":{"line":417,"column":2},"end":{"line":417,"column":12}},"171":{"start":{"line":437,"column":0},"end":{"line":448,"column":1}},"172":{"start":{"line":438,"column":2},"end":{"line":438,"column":17}},"173":{"start":{"line":439,"column":2},"end":{"line":439,"column":19}},"174":{"start":{"line":440,"column":2},"end":{"line":446,"column":15}},"175":{"start":{"line":441,"column":4},"end":{"line":445,"column":5}},"176":{"start":{"line":442,"column":6},"end":{"line":442,"column":54}},"177":{"start":{"line":444,"column":6},"end":{"line":444,"column":59}},"178":{"start":{"line":447,"column":2},"end":{"line":447,"column":12}},"179":{"start":{"line":450,"column":0},"end":{"line":450,"column":29}},"180":{"start":{"line":451,"column":0},"end":{"line":451,"column":29}},"181":{"start":{"line":452,"column":0},"end":{"line":452,"column":37}},"182":{"start":{"line":453,"column":0},"end":{"line":453,"column":39}},"183":{"start":{"line":454,"column":0},"end":{"line":454,"column":29}},"184":{"start":{"line":455,"column":0},"end":{"line":455,"column":33}},"185":{"start":{"line":456,"column":0},"end":{"line":456,"column":27}},"186":{"start":{"line":457,"column":0},"end":{"line":457,"column":27}},"187":{"start":{"line":458,"column":0},"end":{"line":458,"column":49}},"188":{"start":{"line":459,"column":0},"end":{"line":461,"column":1}},"189":{"start":{"line":461,"column":1},"end":{"line":470,"column":2}},"190":{"start":{"line":462,"column":2},"end":{"line":469,"column":4}},"191":{"start":{"line":464,"column":6},"end":{"line":464,"column":32}},"192":{"start":{"line":467,"column":6},"end":{"line":467,"column":33}},"193":{"start":{"line":472,"column":0},"end":{"line":479,"column":2}},"194":{"start":{"line":474,"column":4},"end":{"line":474,"column":30}},"195":{"start":{"line":477,"column":4},"end":{"line":477,"column":29}},"196":{"start":{"line":481,"column":0},"end":{"line":481,"column":29}},"197":{"start":{"line":483,"column":0},"end":{"line":483,"column":27}}},"branchMap":{"1":{"line":7,"type":"if","locations":[{"start":{"line":7,"column":2},"end":{"line":7,"column":2}},{"start":{"line":7,"column":2},"end":{"line":7,"column":2}}]},"2":{"line":9,"type":"if","locations":[{"start":{"line":9,"column":4},"end":{"line":9,"column":4}},{"start":{"line":9,"column":4},"end":{"line":9,"column":4}}]},"3":{"line":12,"type":"if","locations":[{"start":{"line":12,"column":9},"end":{"line":12,"column":9}},{"start":{"line":12,"column":9},"end":{"line":12,"column":9}}]},"4":{"line":15,"type":"if","locations":[{"start":{"line":15,"column":6},"end":{"line":15,"column":6}},{"start":{"line":15,"column":6},"end":{"line":15,"column":6}}]},"5":{"line":26,"type":"if","locations":[{"start":{"line":26,"column":2},"end":{"line":26,"column":2}},{"start":{"line":26,"column":2},"end":{"line":26,"column":2}}]},"6":{"line":26,"type":"binary-expr","locations":[{"start":{"line":26,"column":6},"end":{"line":26,"column":20}},{"start":{"line":26,"column":24},"end":{"line":26,"column":42}},{"start":{"line":26,"column":46},"end":{"line":26,"column":64}}]},"7":{"line":37,"type":"if","locations":[{"start":{"line":37,"column":2},"end":{"line":37,"column":2}},{"start":{"line":37,"column":2},"end":{"line":37,"column":2}}]},"8":{"line":44,"type":"if","locations":[{"start":{"line":44,"column":2},"end":{"line":44,"column":2}},{"start":{"line":44,"column":2},"end":{"line":44,"column":2}}]},"9":{"line":48,"type":"if","locations":[{"start":{"line":48,"column":2},"end":{"line":48,"column":2}},{"start":{"line":48,"column":2},"end":{"line":48,"column":2}}]},"10":{"line":49,"type":"if","locations":[{"start":{"line":49,"column":2},"end":{"line":49,"column":2}},{"start":{"line":49,"column":2},"end":{"line":49,"column":2}}]},"11":{"line":50,"type":"if","locations":[{"start":{"line":50,"column":2},"end":{"line":50,"column":2}},{"start":{"line":50,"column":2},"end":{"line":50,"column":2}}]},"12":{"line":69,"type":"if","locations":[{"start":{"line":69,"column":2},"end":{"line":69,"column":2}},{"start":{"line":69,"column":2},"end":{"line":69,"column":2}}]},"13":{"line":70,"type":"binary-expr","locations":[{"start":{"line":70,"column":13},"end":{"line":70,"column":19}},{"start":{"line":71,"column":7},"end":{"line":71,"column":47}}]},"14":{"line":71,"type":"cond-expr","locations":[{"start":{"line":71,"column":40},"end":{"line":71,"column":42}},{"start":{"line":71,"column":45},"end":{"line":71,"column":47}}]},"15":{"line":71,"type":"binary-expr","locations":[{"start":{"line":71,"column":7},"end":{"line":71,"column":20}},{"start":{"line":71,"column":24},"end":{"line":71,"column":37}}]},"16":{"line":73,"type":"if","locations":[{"start":{"line":73,"column":4},"end":{"line":73,"column":4}},{"start":{"line":73,"column":4},"end":{"line":73,"column":4}}]},"17":{"line":74,"type":"if","locations":[{"start":{"line":74,"column":6},"end":{"line":74,"column":6}},{"start":{"line":74,"column":6},"end":{"line":74,"column":6}}]},"18":{"line":85,"type":"if","locations":[{"start":{"line":85,"column":4},"end":{"line":85,"column":4}},{"start":{"line":85,"column":4},"end":{"line":85,"column":4}}]},"19":{"line":85,"type":"binary-expr","locations":[{"start":{"line":85,"column":8},"end":{"line":85,"column":22}},{"start":{"line":86,"column":6},"end":{"line":86,"column":31}},{"start":{"line":86,"column":35},"end":{"line":86,"column":61}}]},"20":{"line":120,"type":"cond-expr","locations":[{"start":{"line":120,"column":35},"end":{"line":120,"column":39}},{"start":{"line":120,"column":42},"end":{"line":120,"column":49}}]},"21":{"line":124,"type":"if","locations":[{"start":{"line":124,"column":4},"end":{"line":124,"column":4}},{"start":{"line":124,"column":4},"end":{"line":124,"column":4}}]},"22":{"line":127,"type":"if","locations":[{"start":{"line":127,"column":11},"end":{"line":127,"column":11}},{"start":{"line":127,"column":11},"end":{"line":127,"column":11}}]},"23":{"line":142,"type":"if","locations":[{"start":{"line":142,"column":2},"end":{"line":142,"column":2}},{"start":{"line":142,"column":2},"end":{"line":142,"column":2}}]},"24":{"line":144,"type":"if","locations":[{"start":{"line":144,"column":9},"end":{"line":144,"column":9}},{"start":{"line":144,"column":9},"end":{"line":144,"column":9}}]},"25":{"line":144,"type":"binary-expr","locations":[{"start":{"line":144,"column":13},"end":{"line":144,"column":38}},{"start":{"line":144,"column":42},"end":{"line":144,"column":55}}]},"26":{"line":171,"type":"if","locations":[{"start":{"line":171,"column":4},"end":{"line":171,"column":4}},{"start":{"line":171,"column":4},"end":{"line":171,"column":4}}]},"27":{"line":171,"type":"binary-expr","locations":[{"start":{"line":171,"column":8},"end":{"line":171,"column":11}},{"start":{"line":171,"column":15},"end":{"line":171,"column":38}},{"start":{"line":171,"column":42},"end":{"line":171,"column":52}}]},"28":{"line":172,"type":"if","locations":[{"start":{"line":172,"column":6},"end":{"line":172,"column":6}},{"start":{"line":172,"column":6},"end":{"line":172,"column":6}}]},"29":{"line":173,"type":"if","locations":[{"start":{"line":173,"column":8},"end":{"line":173,"column":8}},{"start":{"line":173,"column":8},"end":{"line":173,"column":8}}]},"30":{"line":176,"type":"if","locations":[{"start":{"line":176,"column":10},"end":{"line":176,"column":10}},{"start":{"line":176,"column":10},"end":{"line":176,"column":10}}]},"31":{"line":178,"type":"if","locations":[{"start":{"line":178,"column":12},"end":{"line":178,"column":12}},{"start":{"line":178,"column":12},"end":{"line":178,"column":12}}]},"32":{"line":193,"type":"if","locations":[{"start":{"line":193,"column":2},"end":{"line":193,"column":2}},{"start":{"line":193,"column":2},"end":{"line":193,"column":2}}]},"33":{"line":193,"type":"binary-expr","locations":[{"start":{"line":193,"column":6},"end":{"line":193,"column":12}},{"start":{"line":193,"column":16},"end":{"line":193,"column":34}}]},"34":{"line":211,"type":"if","locations":[{"start":{"line":211,"column":2},"end":{"line":211,"column":2}},{"start":{"line":211,"column":2},"end":{"line":211,"column":2}}]},"35":{"line":227,"type":"if","locations":[{"start":{"line":227,"column":2},"end":{"line":227,"column":2}},{"start":{"line":227,"column":2},"end":{"line":227,"column":2}}]},"36":{"line":231,"type":"cond-expr","locations":[{"start":{"line":231,"column":19},"end":{"line":231,"column":39}},{"start":{"line":231,"column":42},"end":{"line":231,"column":45}}]},"37":{"line":256,"type":"if","locations":[{"start":{"line":256,"column":2},"end":{"line":256,"column":2}},{"start":{"line":256,"column":2},"end":{"line":256,"column":2}}]},"38":{"line":256,"type":"binary-expr","locations":[{"start":{"line":256,"column":6},"end":{"line":256,"column":32}},{"start":{"line":256,"column":36},"end":{"line":256,"column":55}}]},"39":{"line":281,"type":"if","locations":[{"start":{"line":281,"column":2},"end":{"line":281,"column":2}},{"start":{"line":281,"column":2},"end":{"line":281,"column":2}}]},"40":{"line":281,"type":"binary-expr","locations":[{"start":{"line":281,"column":6},"end":{"line":281,"column":32}},{"start":{"line":281,"column":36},"end":{"line":281,"column":55}}]},"41":{"line":310,"type":"if","locations":[{"start":{"line":310,"column":2},"end":{"line":310,"column":2}},{"start":{"line":310,"column":2},"end":{"line":310,"column":2}}]},"42":{"line":310,"type":"binary-expr","locations":[{"start":{"line":310,"column":6},"end":{"line":310,"column":32}},{"start":{"line":310,"column":36},"end":{"line":310,"column":55}}]},"43":{"line":349,"type":"if","locations":[{"start":{"line":349,"column":2},"end":{"line":349,"column":2}},{"start":{"line":349,"column":2},"end":{"line":349,"column":2}}]},"44":{"line":356,"type":"if","locations":[{"start":{"line":356,"column":4},"end":{"line":356,"column":4}},{"start":{"line":356,"column":4},"end":{"line":356,"column":4}}]},"45":{"line":357,"type":"if","locations":[{"start":{"line":357,"column":6},"end":{"line":357,"column":6}},{"start":{"line":357,"column":6},"end":{"line":357,"column":6}}]},"46":{"line":357,"type":"binary-expr","locations":[{"start":{"line":357,"column":10},"end":{"line":357,"column":15}},{"start":{"line":357,"column":19},"end":{"line":357,"column":32}},{"start":{"line":357,"column":36},"end":{"line":357,"column":54}}]},"47":{"line":359,"type":"if","locations":[{"start":{"line":359,"column":10},"end":{"line":359,"column":10}},{"start":{"line":359,"column":10},"end":{"line":359,"column":10}}]},"48":{"line":363,"type":"if","locations":[{"start":{"line":363,"column":13},"end":{"line":363,"column":13}},{"start":{"line":363,"column":13},"end":{"line":363,"column":13}}]},"49":{"line":363,"type":"binary-expr","locations":[{"start":{"line":363,"column":17},"end":{"line":363,"column":22}},{"start":{"line":363,"column":26},"end":{"line":363,"column":49}},{"start":{"line":363,"column":53},"end":{"line":363,"column":71}}]},"50":{"line":370,"type":"if","locations":[{"start":{"line":370,"column":11},"end":{"line":370,"column":11}},{"start":{"line":370,"column":11},"end":{"line":370,"column":11}}]},"51":{"line":372,"type":"binary-expr","locations":[{"start":{"line":372,"column":6},"end":{"line":372,"column":30}},{"start":{"line":373,"column":7},"end":{"line":373,"column":26}},{"start":{"line":373,"column":30},"end":{"line":373,"column":54}}]},"52":{"line":376,"type":"if","locations":[{"start":{"line":376,"column":6},"end":{"line":376,"column":6}},{"start":{"line":376,"column":6},"end":{"line":376,"column":6}}]},"53":{"line":412,"type":"binary-expr","locations":[{"start":{"line":412,"column":8},"end":{"line":412,"column":11}},{"start":{"line":412,"column":15},"end":{"line":412,"column":17}}]},"54":{"line":413,"type":"binary-expr","locations":[{"start":{"line":413,"column":8},"end":{"line":413,"column":11}},{"start":{"line":413,"column":15},"end":{"line":413,"column":17}}]},"55":{"line":438,"type":"binary-expr","locations":[{"start":{"line":438,"column":8},"end":{"line":438,"column":11}},{"start":{"line":438,"column":15},"end":{"line":438,"column":17}}]},"56":{"line":439,"type":"binary-expr","locations":[{"start":{"line":439,"column":9},"end":{"line":439,"column":13}},{"start":{"line":439,"column":17},"end":{"line":439,"column":19}}]},"57":{"line":441,"type":"if","locations":[{"start":{"line":441,"column":4},"end":{"line":441,"column":4}},{"start":{"line":441,"column":4},"end":{"line":441,"column":4}}]},"58"
[...]
},{"start":{"line":142,"column":2},"end":{"line":142,"column":2}}]},"24":{"line":144,"type":"if","locations":[{"start":{"line":144,"column":9},"end":{"line":144,"column":9}},{"start":{"line":144,"column":9},"end":{"line":144,"column":9}}]},"25":{"line":144,"type":"binary-expr","locations":[{"start":{"line":144,"column":13},"end":{"line":144,"column":38}},{"start":{"line":144,"column":42},"end":{"line":144,"column":55}}]},"26":{"line":171,"type":"if","locations":[{"start":{"line":171,"column":4},"end":{"line":171,"column":4}},{"start":{"line":171,"column":4},"end":{"line":171,"column":4}}]},"27":{"line":171,"type":"binary-expr","locations":[{"start":{"line":171,"column":8},"end":{"line":171,"column":11}},{"start":{"line":171,"column":15},"end":{"line":171,"column":38}},{"start":{"line":171,"column":42},"end":{"line":171,"column":52}}]},"28":{"line":172,"type":"if","locations":[{"start":{"line":172,"column":6},"end":{"line":172,"column":6}},{"start":{"line":172,"column":6},"end":{"line":172,"column":6}}]},"29":{"line":173,"type":"if","locations":[{"start":{"line":173,"column":8},"end":{"line":173,"column":8}},{"start":{"line":173,"column":8},"end":{"line":173,"column":8}}]},"30":{"line":176,"type":"if","locations":[{"start":{"line":176,"column":10},"end":{"line":176,"column":10}},{"start":{"line":176,"column":10},"end":{"line":176,"column":10}}]},"31":{"line":178,"type":"if","locations":[{"start":{"line":178,"column":12},"end":{"line":178,"column":12}},{"start":{"line":178,"column":12},"end":{"line":178,"column":12}}]},"32":{"line":193,"type":"if","locations":[{"start":{"line":193,"column":2},"end":{"line":193,"column":2}},{"start":{"line":193,"column":2},"end":{"line":193,"column":2}}]},"33":{"line":193,"type":"binary-expr","locations":[{"start":{"line":193,"column":6},"end":{"line":193,"column":12}},{"start":{"line":193,"column":16},"end":{"line":193,"column":34}}]},"34":{"line":211,"type":"if","locations":[{"start":{"line":211,"column":2},"end":{"line":211,"column":2}},{"start":{"line":211,"column":2},"end":{"line":211,"column":2}}]},"35":{"line":227,"type":"if","locations":[{"start":{"line":227,"column":2},"end":{"line":227,"column":2}},{"start":{"line":227,"column":2},"end":{"line":227,"column":2}}]},"36":{"line":231,"type":"cond-expr","locations":[{"start":{"line":231,"column":19},"end":{"line":231,"column":39}},{"start":{"line":231,"column":42},"end":{"line":231,"column":45}}]},"37":{"line":256,"type":"if","locations":[{"start":{"line":256,"column":2},"end":{"line":256,"column":2}},{"start":{"line":256,"column":2},"end":{"line":256,"column":2}}]},"38":{"line":256,"type":"binary-expr","locations":[{"start":{"line":256,"column":6},"end":{"line":256,"column":32}},{"start":{"line":256,"column":36},"end":{"line":256,"column":55}}]},"39":{"line":281,"type":"if","locations":[{"start":{"line":281,"column":2},"end":{"line":281,"column":2}},{"start":{"line":281,"column":2},"end":{"line":281,"column":2}}]},"40":{"line":281,"type":"binary-expr","locations":[{"start":{"line":281,"column":6},"end":{"line":281,"column":32}},{"start":{"line":281,"column":36},"end":{"line":281,"column":55}}]},"41":{"line":310,"type":"if","locations":[{"start":{"line":310,"column":2},"end":{"line":310,"column":2}},{"start":{"line":310,"column":2},"end":{"line":310,"column":2}}]},"42":{"line":310,"type":"binary-expr","locations":[{"start":{"line":310,"column":6},"end":{"line":310,"column":32}},{"start":{"line":310,"column":36},"end":{"line":310,"column":55}}]},"43":{"line":349,"type":"if","locations":[{"start":{"line":349,"column":2},"end":{"line":349,"column":2}},{"start":{"line":349,"column":2},"end":{"line":349,"column":2}}]},"44":{"line":356,"type":"if","locations":[{"start":{"line":356,"column":4},"end":{"line":356,"column":4}},{"start":{"line":356,"column":4},"end":{"line":356,"column":4}}]},"45":{"line":357,"type":"if","locations":[{"start":{"line":357,"column":6},"end":{"line":357,"column":6}},{"start":{"line":357,"column":6},"end":{"line":357,"column":6}}]},"46":{"line":357,"type":"binary-expr","locations":[{"start":{"line":357,"column":10},"end":{"line":357,"column":15}},{"start":{"line":357,"column":19},"end":{"line":357,"column":32}},{"start":{"line":357,"column":36},"end":{"line":357,"column":54}}]},"47":{"line":359,"type":"if","locations":[{"start":{"line":359,"column":10},"end":{"line":359,"column":10}},{"start":{"line":359,"column":10},"end":{"line":359,"column":10}}]},"48":{"line":363,"type":"if","locations":[{"start":{"line":363,"column":13},"end":{"line":363,"column":13}},{"start":{"line":363,"column":13},"end":{"line":363,"column":13}}]},"49":{"line":363,"type":"binary-expr","locations":[{"start":{"line":363,"column":17},"end":{"line":363,"column":22}},{"start":{"line":363,"column":26},"end":{"line":363,"column":49}},{"start":{"line":363,"column":53},"end":{"line":363,"column":71}}]},"50":{"line":370,"type":"if","locations":[{"start":{"line":370,"column":11},"end":{"line":370,"column":11}},{"start":{"line":370,"column":11},"end":{"line":370,"column":11}}]},"51":{"line":372,"type":"binary-expr","locations":[{"start":{"line":372,"column":6},"end":{"line":372,"column":30}},{"start":{"line":373,"column":7},"end":{"line":373,"column":26}},{"start":{"line":373,"column":30},"end":{"line":373,"column":54}}]},"52":{"line":376,"type":"if","locations":[{"start":{"line":376,"column":6},"end":{"line":376,"column":6}},{"start":{"line":376,"column":6},"end":{"line":376,"column":6}}]},"53":{"line":412,"type":"binary-expr","locations":[{"start":{"line":412,"column":8},"end":{"line":412,"column":11}},{"start":{"line":412,"column":15},"end":{"line":412,"column":17}}]},"54":{"line":413,"type":"binary-expr","locations":[{"start":{"line":413,"column":8},"end":{"line":413,"column":11}},{"start":{"line":413,"column":15},"end":{"line":413,"column":17}}]},"55":{"line":438,"type":"binary-expr","locations":[{"start":{"line":438,"column":8},"end":{"line":438,"column":11}},{"start":{"line":438,"column":15},"end":{"line":438,"column":17}}]},"56":{"line":439,"type":"binary-expr","locations":[{"start":{"line":439,"column":9},"end":{"line":439,"column":13}},{"start":{"line":439,"column":17},"end":{"line":439,"column":19}}]},"57":{"line":441,"type":"if","locations":[{"start":{"line":441,"column":4},"end":{"line":441,"column":4}},{"start":{"line":441,"column":4},"end":{"line":441,"column":4}}]},"58":{"line":441,"type":"binary-expr","locations":[{"start":{"line":441,"column":8},"end":{"line":441,"column":37}},{"start":{"line":441,"column":42},"end":{"line":441,"column":104}},{"start":{"line":441,"column":109},"end":{"line":441,"column":170}}]}},"code":["'use strict'","","function _process (v, mod) {","  var i","  var r","","  if (typeof mod === 'function') {","    r = mod(v)","    if (r !== undefined) {","      v = r","    }","  } else if (Array.isArray(mod)) {","    for (i = 0; i < mod.length; i++) {","      r = mod[i](v)","      if (r !== undefined) {","        v = r","      }","    }","  }","","  return v","}","","function parseKey (key, val) {","  // detect negative index notation","  if (key[0] === '-' && Array.isArray(val) && /^-\\d+$/.test(key)) {","    return val.length + parseInt(key, 10)","  }","  return key","}","","function isIndex (k) {","  return /^\\d+/.test(k)","}","","function parsePath (path, sep) {","  if (path.indexOf('[') >= 0) {","    path = path.replace(/\\[/g, '.').replace(/]/g, '')","  }","  return path.split(sep)","}","","function DotObject (seperator, override, useArray) {","  if (!(this instanceof DotObject)) {","    return new DotObject(seperator, override, useArray)","  }","","  if (typeof seperator === 'undefined') seperator = '.'","  if (typeof override === 'undefined') override = false","  if (typeof useArray === 'undefined') useArray = true","  this.seperator = seperator","  this.override = override","  this.useArray = useArray","","  // contains touched arrays","  this.cleanup = []","}","","var dotDefault = new DotObject('.', false, true)","function wrap (method) {","  return function () {","    return dotDefault[method].apply(dotDefault, arguments)","  }","}","","DotObject.prototype._fill = function (a, obj, v, mod) {","  var k = a.shift()","","  if (a.length > 0) {","    obj[k] = obj[k] ||","      (this.useArray && isIndex(a[0]) ? [] : {})","","    if (obj[k] !== Object(obj[k])) {","      if (this.override) {","        obj[k] = {}","      } else {","        throw new Error(","          'Trying to redefine `' + k + '` which is a ' + typeof obj[k]","        )","      }","    }","","    this._fill(a, obj[k], v, mod)","  } else {","    if (!this.override &&","      obj[k] === Object(obj[k]) && Object.keys(obj[k]).length) {","      throw new Error(\"Trying to redefine non-empty obj['\" + k + \"']\")","    }","","    obj[k] = _process(v, mod)","  }","}","","/**"," *"," * Converts an object with dotted-key/value pairs to it's expanded version"," *"," * Optionally transformed by a set of modifiers."," *"," * Usage:"," *"," *   var row = {"," *     'nr': 200,"," *     'doc.name': '  My Document  '"," *   }"," *"," *   var mods = {"," *     'doc.name': [_s.trim, _s.underscored]"," *   }"," *"," *   dot.object(row, mods)"," *"," * @param {Object} obj"," * @param {Object} mods"," */","DotObject.prototype.object = function (obj, mods) {","  var self = this","","  Object.keys(obj).forEach(function (k) {","    var mod = mods === undefined ? null : mods[k]","    // normalize array notation.","    var ok = parsePath(k, self.seperator).join(self.seperator)","","    if (ok.indexOf(self.seperator) !== -1) {","      self._fill(ok.split(self.seperator), obj, obj[k], mod)","      delete obj[k]","    } else if (self.override) {","      obj[k] = _process(obj[k], mod)","    }","  })","","  return obj","}","","/**"," * @param {String} path dotted path"," * @param {String} v value to be set"," * @param {Object} obj object to be modified"," * @param {Function|Array} mod optional modifier"," */","DotObject.prototype.str = function (path, v, obj, mod) {","  if (path.indexOf(this.seperator) !== -1) {","    this._fill(path.split(this.seperator), obj, v, mod)","  } else if (!obj.hasOwnProperty(path) || this.override) {","    obj[path] = _process(v, mod)","  }","","  return obj","}","","/**"," *"," * Pick a value from an object using dot notation."," *"," * Optionally remove the value"," *"," * @param {String} path"," * @param {Object} obj"," * @param {Boolean} remove"," */","DotObject.prototype.pick = function (path, obj, remove) {","  var i","  var keys","  var val","  var key","  var cp","","  keys = parsePath(path, this.seperator)","  for (i = 0; i < keys.length; i++) {","    key = parseKey(keys[i], obj)","    if (obj && typeof obj === 'object' && key in obj) {","      if (i === (keys.length - 1)) {","        if (remove) {","          val = obj[key]","          delete obj[key]","          if (Array.isArray(obj)) {","            cp = keys.slice(0, -1).join('.')","            if (this.cleanup.indexOf(cp) === -1) {","              this.cleanup.push(cp)","            }","          }","          return val","        } else {","          return obj[key]","        }","      } else {","        obj = obj[key]","      }","    } else {","      return undefined","    }","  }","  if (remove && Array.isArray(obj)) {","    obj = obj.filter(function (n) { return n !== undefined })","  }","  return obj","}","","/**"," *"," * Remove value from an object using dot notation."," *"," * @param {String} path"," * @param {Object} obj"," * @return {Mixed} The removed value"," */","DotObject.prototype.remove = function (path, obj) {","  var i","","  this.cleanup = []","  if (Array.isArray(path)) {","    for (i = 0; i < path.length; i++) {","      this.pick(path[i], obj, true)","    }","    this._cleanup(obj)","    return obj","  } else {","    return this.pick(path, obj, true)","  }","}","","DotObject.prototype._cleanup = function (obj) {","  var ret","  var i","  var keys","  var root","  if (this.cleanup.length) {","    for (i = 0; i < this.cleanup.length; i++) {","      keys = this.cleanup[i].split('.')","      root = keys.splice(0, -1).join('.')","      ret = root ? this.pick(root, obj) : obj","      ret = ret[keys[0]].filter(function (v) { return v !== undefined })","      this.set(this.cleanup[i], ret, obj)","    }","    this.cleanup = []","  }","}","","// alias method","DotObject.prototype.del = DotObject.prototype.remove","","/**"," *"," * Move a property from one place to the other."," *"," * If the source path does not exist (undefined)"," * the target property will not be set."," *"," * @param {String} source"," * @param {String} target"," * @param {Object} obj"," * @param {Function|Array} mods"," * @param {Boolean} merge"," */","DotObject.prototype.move = function (source, target, obj, mods, merge) {","  if (typeof mods === 'function' || Array.isArray(mods)) {","    this.set(target, _process(this.pick(source, obj, true), mods), obj, merge)","  } else {","    merge = mods","    this.set(target, this.pick(source, obj, true), obj, merge)","  }","","  return obj","}","","/**"," *"," * Transfer a property from one object to another object."," *"," * If the source path does not exist (undefined)"," * the property on the other object will not be set."," *"," * @param {String} source"," * @param {String} target"," * @param {Object} obj1"," * @param {Object} obj2"," * @param {Function|Array} mods"," * @param {Boolean} merge"," */","DotObject.prototype.transfer = function (source, target, obj1, obj2, mods, merge) {","  if (typeof mods === 'function' || Array.isArray(mods)) {","    this.set(target,","      _process(","        this.pick(source, obj1, true),","        mods","      ), obj2, merge)","  } else {","    merge = mods","    this.set(target, this.pick(source, obj1, true), obj2, merge)","  }","","  return obj2","}","","/**"," *"," * Copy a property from one object to another object."," *"," * If the source path does not exist (undefined)"," * the property on the other object will not be set."," *"," * @param {String} source"," * @param {String} target"," * @param {Object} obj1"," * @param {Object} obj2"," * @param {Function|Array} mods"," * @param {Boolean} merge"," */","DotObject.prototype.copy = function (source, target, obj1, obj2, mods, merge) {","  if (typeof mods === 'function' || Array.isArray(mods)) {","    this.set(target,","      _process(","        // clone what is picked","        JSON.parse(","          JSON.stringify(","            this.pick(source, obj1, false)","          )","        ),","        mods","      ), obj2, merge)","  } else {","    merge = mods","    this.set(target, this.pick(source, obj1, false), obj2, merge)","  }","","  return obj2","}","","function isObject (val) {","  return Object.prototype.toString.call(val) === '[object Object]'","}","","/**"," *"," * Set a property on an object using dot notation."," *"," * @param {String} path"," * @param {Mixed} val"," * @param {Object} obj"," * @param {Boolean} merge"," */","DotObject.prototype.set = function (path, val, obj, merge) {","  var i","  var k","  var keys","  var key","","  // Do not operate if the value is undefined.","  if (typeof val === 'undefined') {","    return obj","  }","  keys = parsePath(path, this.seperator)","","  for (i = 0; i < keys.length; i++) {","    key = keys[i]","    if (i === (keys.length - 1)) {","      if (merge && isObject(val) && isObject(obj[key])) {","        for (k in val) {","          if (val.hasOwnProperty(k)) {","            obj[key][k] = val[k]","          }","        }","      } else if (merge && Array.isArray(obj[key]) && Array.isArray(val)) {","        for (var j = 0; j < val.length; j++) {","          obj[keys[i]].push(val[j])","        }","      } else {","        obj[key] = val","      }","    } else if (","      // force the value to be an object","      !obj.hasOwnProperty(key) ||","      (!isObject(obj[key]) && !Array.isArray(obj[key]))","    ) {","      // initialize as array if next key is numeric","      if (/^\\d+$/.test(keys[i + 1])) {","        obj[key] = []","      } else {","        obj[key] = {}","      }","    }","    obj = obj[key]","  }","  return obj","}","","/**"," *"," * Transform an object"," *"," * Usage:"," *"," *   var obj = {"," *     \"id\": 1,","  *    \"some\": {","  *      \"thing\": \"else\"","  *    }"," *   }"," *"," *   var transform = {"," *     \"id\": \"nr\",","  *    \"some.thing\": \"name\""," *   }"," *"," *   var tgt = dot.transform(transform, obj)"," *"," * @param {Object} recipe Transform recipe"," * @param {Object} obj Object to be transformed"," * @param {Array} mods modifiers for the target"," */","DotObject.prototype.transform = function (recipe, obj, tgt) {","  obj = obj || {}","  tgt = tgt || {}","  Object.keys(recipe).forEach(function (key) {","    this.set(recipe[key], this.pick(key, obj), tgt)","  }.bind(this))","  return tgt","}","","/**"," *"," * Convert object to dotted-key/value pair"," *"," * Usage:"," *"," *   var tgt = dot.dot(obj)"," *"," *   or"," *"," *   var tgt = {}"," *   dot.dot(obj, tgt)"," *"," * @param {Object} obj source object"," * @param {Object} tgt target object"," * @param {Array} path path array (internal)"," */","DotObject.prototype.dot = function (obj, tgt, path) {","  tgt = tgt || {}","  path = path || []","  Object.keys(obj).forEach(function (key) {","    if (Object(obj[key]) === obj[key] && (Object.prototype.toString.call(obj[key]) === '[object Object]') || Object.prototype.toString.call(obj[key]) === '[object Array]') {","      return this.dot(obj[key], tgt, path.concat(key))","    } else {","      tgt[path.concat(key).join(this.seperator)] = obj[key]","    }","  }.bind(this))","  return tgt","}","","DotObject.pick = wrap('pick')","DotObject.move = wrap('move')","DotObject.transfer = wrap('transfer')","DotObject.transform = wrap('transform')","DotObject.copy = wrap('copy')","DotObject.object = wrap('object')","DotObject.str = wrap('str')","DotObject.set = wrap('set')","DotObject.del = DotObject.remove = wrap('remove')","DotObject.dot = wrap('dot')","",";['override', 'overwrite'].forEach(function (prop) {","  Object.defineProperty(DotObject, prop, {","    get: function () {","      return dotDefault.override","    },","    set: function (val) {","      dotDefault.override = !!val","    }","  })","})","","Object.defineProperty(DotObject, 'useArray', {","  get: function () {","    return dotDefault.useArray","  },","  set: function (val) {","    dotDefault.useArray = val","  }","})","","DotObject._process = _process",""],"l":{"3":1,"4":0,"5":0,"7":0,"8":0,"9":0,"10":0,"12":0,"13":0,"14":0,"15":0,"16":0,"21":0,"24":1,"26":0,"27":0,"29":0,"32":1,"33":0,"36":1,"37":0,"38":0,"40":0,"43":1,"44":1,"45":0,"48":1,"49":1,"50":1,"51":1,"52":1,"53":1,"56":1,"59":1,"60":1,"61":10,"62":0,"66":1,"67":0,"69":0,"70":0,"73":0,"74":0,"75":0,"77":0,"83":0,"85":0,"87":0,"90":0,"116":1,"117":0,"119":0,"120":0,"122":0,"124":0,"125":0,"126":0,"127":0,"128":0,"132":0,"141":1,"142":0,"143":0,"144":0,"145":0,"148":0,"161":1,"162":0,"163":0,"164":0,"165":0,"166":0,"168":0,"169":0,"170":0,"171":0,"172":0,"173":0,"174":0,"175":0,"176":0,"177":0,"178":0,"179":0,"182":0,"184":0,"187":0,"190":0,"193":0,"194":0,"196":0,"207":1,"208":0,"210":0,"211":0,"212":0,"213":0,"215":0,"216":0,"218":0,"222":1,"223":0,"224":0,"225":0,"226":0,"227":0,"228":0,"229":0,"230":0,"231":0,"232":0,"233":0,"235":0,"240":1,"255":1,"256":0,"257":0,"259":0,"260":0,"263":0,"280":1,"281":0,"282":0,"288":0,"289":0,"292":0,"309":1,"310":0,"311":0,"322":0,"323":0,"326":0,"329":1,"330":0,"342":1,"343":0,"344":0,"345":0,"346":0,"349":0,"350":0,"352":0,"354":0,"355":0,"356":0,"357":0,"358":0,"359":0,"360":0,"363":0,"364":0,"365":0,"368":0,"370":0,"376":0,"377":0,"379":0,"382":0,"384":0,"411":1,"412":0,"413":0,"414":0,"415":0,"417":0,"437":1,"438":0,"439":0,"440":0,"441":0,"442":0,"444":0,"447":0,"450":1,"451":1,"452":1,"453":1,"454":1,"455":1,"456":1,"457":1,"458":1,"459":1,"461":1,"462":2,"464":0,"467":0,"472":1,"474":0,"477":0,"481":1}}}